#
# A fatal error has been detected by the Java Runtime Environment:
#
#  Internal Error (src/hotspot/share/opto/loopnode.cpp:3185), pid=7, tid=24
#  Error: assert(!loop->_body.contains(in)) failed
#
# JRE version: OpenJDK Runtime Environment (25.0) (fastdebug build 25-testing-builds.shipilev.net-openjdk-jdk-b2689-20241230-0204)
# Java VM: OpenJDK 64-Bit Server VM (fastdebug 25-testing-builds.shipilev.net-openjdk-jdk-b2689-20241230-0204, mixed mode, sharing, compressed oops, compressed class ptrs, g1 gc, linux-amd64)
# Problematic frame:
# V  [libjvm.so+0x1369414]  OuterStripMinedLoopNode::transform_to_counted_loop(PhaseIterGVN*, PhaseIdealLoop*)+0x954
#
# No core dump will be written. Core dumps have been disabled. To enable core dumping, try "ulimit -c unlimited" before starting Java again
#
# If you would like to submit a bug report, please visit:
#   https://bugreport.java.com/bugreport/crash.jsp
#

---------------  S U M M A R Y ------------

Command Line: -Xbatch -XX:-TieredCompilation Repro

Host: d634af5fbdf7, x86_64, 8 cores, 7G, Debian GNU/Linux 11 (bullseye)
Time: Wed Jan  1 15:31:26 2025 UTC elapsed time: 0.968306 seconds (0d 0h 0m 0s)

---------------  T H R E A D  ---------------

Current thread (0x00007ffff8272e80):  JavaThread "C2 CompilerThread0" daemon [_thread_in_native, id=24, stack(0x00007fffe1bfd000,0x00007fffe1cfd000) (1024K)]


Current CompileTask:
C2:969  141    b        Repro::main (48 bytes)

Stack: [0x00007fffe1bfd000,0x00007fffe1cfd000],  sp=0x00007fffe1cf7bc0,  free space=1002k
Native frames: (J=compiled Java code, j=interpreted, Vv=VM code, C=native code)
V  [libjvm.so+0x1369414]  OuterStripMinedLoopNode::transform_to_counted_loop(PhaseIterGVN*, PhaseIdealLoop*)+0x954  (loopnode.cpp:3185)
V  [libjvm.so+0x13753b8]  PhaseIdealLoop::create_loop_nest(IdealLoopTree*, Node_List&)+0x4f8  (loopnode.cpp:900)
V  [libjvm.so+0x1353a88]  IdealLoopTree::iteration_split_impl(PhaseIdealLoop*, Node_List&)+0x498  (loopTransform.cpp:3307)
V  [libjvm.so+0x1353d6e]  IdealLoopTree::iteration_split(PhaseIdealLoop*, Node_List&)+0x17e  (loopTransform.cpp:3431)
V  [libjvm.so+0x1353c1c]  IdealLoopTree::iteration_split(PhaseIdealLoop*, Node_List&)+0x2c  (loopTransform.cpp:3415)
V  [libjvm.so+0x1353c1c]  IdealLoopTree::iteration_split(PhaseIdealLoop*, Node_List&)+0x2c  (loopTransform.cpp:3415)
V  [libjvm.so+0x137fdab]  PhaseIdealLoop::build_and_optimize()+0xfbb  (loopnode.cpp:4918)
V  [libjvm.so+0xa8b8e8]  PhaseIdealLoop::optimize(PhaseIterGVN&, LoopOptsMode)+0x3a8  (loopnode.hpp:1113)
V  [libjvm.so+0xa845ac]  Compile::optimize_loops(PhaseIterGVN&, LoopOptsMode)+0x5c  (compile.cpp:2183)
V  [libjvm.so+0xa85311]  Compile::Optimize()+0xa91  (compile.cpp:2430)
V  [libjvm.so+0xa894df]  Compile::Compile(ciEnv*, ciMethod*, int, Options, DirectiveSet*)+0x1c7f  (compile.cpp:852)
V  [libjvm.so+0x8d2f35]  C2Compiler::compile_method(ciEnv*, ciMethod*, int, bool, DirectiveSet*)+0x1d5  (c2compiler.cpp:142)
V  [libjvm.so+0xa95ef1]  CompileBroker::invoke_compiler_on_method(CompileTask*)+0xb51  (compileBroker.cpp:2319)
V  [libjvm.so+0xa96d90]  CompileBroker::compiler_thread_loop()+0x670  (compileBroker.cpp:1977)
V  [libjvm.so+0xf7abfe]  JavaThread::thread_main_inner()+0xee  (javaThread.cpp:777)
V  [libjvm.so+0x1a81576]  Thread::call_run()+0xb6  (thread.cpp:232)
V  [libjvm.so+0x159f7f6]  thread_native_entry(Thread*)+0x126  (os_linux.cpp:860)
Registers:
RAX=0x00007fffff5b7000, RBX=0x0000000000000062, RCX=0x00007ffffeaf035d, RDX=0x00007ffffec39638
RSP=0x00007fffe1cf7bc0, RBP=0x00007fffe1cf7cb0, RSI=0x0000000000000c71, RDI=0x00007ffffec384c0
R8 =0x00007fff441d8b08, R9 =0x0000000000000400, R10=0x00007fff441c2950, R11=0x0000000000000000
R12=0x00007fff4416c600, R13=0x00007fffe1cf8180, R14=0x0000000000000008, R15=0x00007fff44190410
RIP=0x00007ffffe18c414, EFLAGS=0x0000000000000242, CSGSFS=0x00007fffff5b0033, ERR=0x0000000000000006
  TRAPNO=0x000000000000000e

XMM[0]=0x0000000000000000 0x0000000000000000
XMM[1]=0x0000000000000000 0x0000000000000a83
XMM[2]=0x0000000000000000 0x0000000000000000
XMM[3]=0x0000000000000000 0x0000000000000000
XMM[4]=0x0000000200000000 0x0000000100000001
XMM[5]=0x0000000000000000 0x0000000000000000
XMM[6]=0x0000000000000000 0x0000000000000000
XMM[7]=0x0000000000000000 0x0000000000000000
XMM[8]=0x0000000000000000 0x0000000000000000
XMM[9]=0x0000000000000000 0x414e1e122f7e09c2
XMM[10]=0x0000000000000000 0x46293e5939a08cea
XMM[11]=0x0000000000000000 0x4376345785d8a000
XMM[12]=0x00007fff442863b8 0x00007fff44286350
XMM[13]=0x0000000000000001 0x0000000000000000
XMM[14]=0x0000000200000200 0x00007fffff59b890
XMM[15]=0x0000000000000000 0x0000000000000000
  MXCSR=0x00001fa0


Register to memory mapping:

RAX=0x00007fffff5b7000 in mmap'd memory region [0x00007fffff5b7000 - 0x00007fffff5b8000], tag mtInternal
RBX=0x0000000000000062 is an unknown value
RCX=0x00007ffffeaf035d: <offset 0x0000000001ccd35d> in /opt/jdk/lib/fastdebug/libjvm.so at 0x00007ffffce23000
RDX=0x00007ffffec39638: <offset 0x0000000001e16638> in /opt/jdk/lib/fastdebug/libjvm.so at 0x00007ffffce23000
RSP=0x00007fffe1cf7bc0 is pointing into the stack for thread: 0x00007ffff8272e80
RBP=0x00007fffe1cf7cb0 is pointing into the stack for thread: 0x00007ffff8272e80
RSI=0x0000000000000c71 is an unknown value
RDI=0x00007ffffec384c0: <offset 0x0000000001e154c0> in /opt/jdk/lib/fastdebug/libjvm.so at 0x00007ffffce23000
R8 =0x00007fff441d8b08 points into unknown readable memory: 0x00007fff441d8b98 | 98 8b 1d 44 ff 7f 00 00
R9 =0x0000000000000400 is an unknown value
R10=0x00007fff441c2950 into live malloced block starting at 0x00007fff441c2940, size 32784, tag mtChunk
R11=0x0 is null
R12=0x00007fff4416c600 points into unknown readable memory: 0x00007fffff291b58 | 58 1b 29 ff ff 7f 00 00
R13=0x00007fffe1cf8180 is pointing into the stack for thread: 0x00007ffff8272e80
R14=0x0000000000000008 is an unknown value
R15=0x00007fff44190410 into live malloced block starting at 0x00007fff4418f630, size 32744, tag mtChunk

Top of Stack: (sp=0x00007fffe1cf7bc0)
0x00007fffe1cf7bc0:   00007fffe1cf7c00 00007fff44190410   .|.........D....
0x00007fffe1cf7bd0:   00007fffe1cf8520 00000000fd754d0a    ........Mu.....
0x00007fffe1cf7be0:   0000000f00000002 00007fff4418ff18   ...........D....
0x00007fffe1cf7bf0:   00007fff441d8b98 00007fff441d8b08   ...D.......D....
0x00007fffe1cf7c00:   00007fffff2844a8 ffff80001e3083ff   .D(.......0.....
0x00007fffe1cf7c10:   0000000000000000 00007ffff8273740   ........@7'.....
0x00007fffe1cf7c20:   00007fff00000004 00007fff4407b960   ........`..D....
0x00007fffe1cf7c30:   0000000400000005 00007fffff284418   .........D(.....
0x00007fffe1cf7c40:   ffff80001e3083c7 0000000000000000   ..0.............
0x00007fffe1cf7c50:   0000004000000040 00007fff4407b980   @...@......D....
0x00007fffe1cf7c60:   00007ffff8273740 00007fff00000005   @7'.............
0x00007fffe1cf7c70:   00007fff00000000 00007fff44190410   ...........D....
0x00007fffe1cf7c80:   00007fffff343aa4 00007fff441901f0   .:4........D....
0x00007fffe1cf7c90:   00007fffe1cf8180 00007fff44091b28   ........(..D....
0x00007fffe1cf7ca0:   0000000000000000 0000000000000001   ................
0x00007fffe1cf7cb0:   00007fffe1cf7de0 00007ffffe1983b8   .}..............
0x00007fffe1cf7cc0:   00007fffe1cf8180 00007fff44091190   ...........D....
0x00007fffe1cf7cd0:   00007fff44091630 000000000000000b   0..D............
0x00007fffe1cf7ce0:   00007fffe1cf7d60 00007fff00018697   `}..............
0x00007fffe1cf7cf0:   0000000000000000 00007fff44190410   ...........D....
0x00007fffe1cf7d00:   0000000000018697 00007fffe1cf7fd0   ................
0x00007fffe1cf7d10:   00007fffe1cf7d70 000000000ffffffe   p}..............
0x00007fffe1cf7d20:   00007fffe1cf7fd0 00007fff441d8b08   ...........D....
0x00007fffe1cf7d30:   00007fff441d8b08 00007fff44091190   ...D.......D....
0x00007fffe1cf7d40:   00007fff44166ab8 00007fff0000000a   .j.D............
0x00007fffe1cf7d50:   0000000000000000 0a007fff44091cf0   ...........D....
0x00007fffe1cf7d60:   00007fff4416a3e0 00007fff00000008   ...D............
0x00007fffe1cf7d70:   00007fffff284490 ffff80001e30828f   .D(.......0.....
0x00007fffe1cf7d80:   0000000000000000 00007ffff8273740   ........@7'.....
0x00007fffe1cf7d90:   00007fff00000008 00007fff441a3b08   .........;.D....
0x00007fffe1cf7da0:   0000000800000005 000b7fff0000000b   ................
0x00007fffe1cf7db0:   00007fffe1cf7de0 00007fffe1cf8180   .}..............

Instructions: (pc=0x00007ffffe18c414)
  0x00007ffffe18c314:   8b 04 c2 48 85 c0 0f 84 98 04 00 00 a8 01 0f 84
  0x00007ffffe18c324:   90 04 00 00 48 85 db 0f 84 1a 04 00 00 8b 43 34
  0x00007ffffe18c334:   83 e0 07 83 f8 05 0f 84 b0 01 00 00 48 8b 03 48
  0x00007ffffe18c344:   89 df ff 50 10 84 c0 0f 85 00 fc ff ff 48 8d 05
  0x00007ffffe18c354:   c0 bf 13 01 48 8d 0d a7 06 98 00 48 8d 15 6e 99
  0x00007ffffe18c364:   aa 00 be a8 03 00 00 48 8d 3d 3e 2c 9b 00 48 8b
  0x00007ffffe18c374:   00 c6 00 58 31 c0 e8 31 4f 7e ff 90 a8 01 0f 85
  0x00007ffffe18c384:   70 04 00 00 48 39 85 40 ff ff ff 0f 85 fb fb ff
  0x00007ffffe18c394:   ff 48 8b 85 48 ff ff ff 31 db 8b 70 6c 8b 78 58
  0x00007ffffe18c3a4:   48 89 c1 85 f6 0f 84 00 fd ff ff 41 89 f9 89 f3
  0x00007ffffe18c3b4:   49 89 c0 31 c0 49 c1 e1 03 48 8d 0c dd 00 00 00
  0x00007ffffe18c3c4:   00 eb 16 66 0f 1f 84 00 00 00 00 00 48 83 c0 08
  0x00007ffffe18c3d4:   48 39 c8 0f 84 8b 00 00 00 4c 39 c8 0f 84 9f 00
  0x00007ffffe18c3e4:   00 00 49 8b 50 60 4c 3b 24 02 75 e0 48 8d 05 21
  0x00007ffffe18c3f4:   bf 13 01 48 8d 0d 5f 3f 96 00 48 8d 15 33 d2 aa
  0x00007ffffe18c404:   00 be 71 0c 00 00 48 8d 3d af c0 aa 00 48 8b 00
=>0x00007ffffe18c414:   c6 00 58 31 c0 e8 92 4e 7e ff 66 90 48 8d 7d 88
  0x00007ffffe18c424:   89 de 89 8d 38 ff ff ff e8 5f 8e 7b 00 8b 8d 38
  0x00007ffffe18c434:   ff ff ff e9 a3 fc ff ff 0f 1f 40 00 48 8d 79 38
  0x00007ffffe18c444:   e8 b7 f7 1b 00 e9 6f fc ff ff 66 90 45 85 db 0f
  0x00007ffffe18c454:   8e 7e 00 00 00 48 8d 48 01 48 89 c3 e9 c0 fa ff
  0x00007ffffe18c464:   ff 0f 1f 00 48 8b 8d 48 ff ff ff e9 3b fc ff ff
  0x00007ffffe18c474:   0f 1f 40 00 44 3b a5 70 ff ff ff 0f 82 fc f9 ff
  0x00007ffffe18c484:   ff 48 8d 05 8c be 13 01 48 8d 0d 3d 1e 98 00 48
  0x00007ffffe18c494:   8d 15 cb 9c 96 00 be 6b 06 00 00 48 8d 3d 72 1f
  0x00007ffffe18c4a4:   96 00 48 8b 00 c6 00 58 31 c0 e8 fd 4d 7e ff 0f
  0x00007ffffe18c4b4:   1f 44 00 00 48 8b bd 10 ff ff ff 89 de e8 3a f7
  0x00007ffffe18c4c4:   1b 00 e9 48 fc ff ff b9 01 00 00 00 31 db e9 4e
  0x00007ffffe18c4d4:   fa ff ff 8b 5f 1c 85 db 0f 84 62 02 00 00 48 89
  0x00007ffffe18c4e4:   c3 e9 2d fb ff ff 66 0f 1f 44 00 00 44 8b 53 1c
  0x00007ffffe18c4f4:   45 85 d2 0f 84 aa 02 00 00 48 8b 43 08 48 8b 10
  0x00007ffffe18c504:   48 8b 02 48 89 95 38 ff ff ff 48 89 d7 ff 50 10


Stack slot to memory mapping:

stack at sp + 0 slots: 0x00007fffe1cf7c00 is pointing into the stack for thread: 0x00007ffff8272e80
stack at sp + 1 slots: 0x00007fff44190410 into live malloced block starting at 0x00007fff4418f630, size 32744, tag mtChunk
stack at sp + 2 slots: 0x00007fffe1cf8520 is pointing into the stack for thread: 0x00007ffff8272e80
stack at sp + 3 slots: 0x00000000fd754d0a is an unallocated location in the heap
stack at sp + 4 slots: 0x0000000f00000002 is an unknown value
stack at sp + 5 slots: 0x00007fff4418ff18 into live malloced block starting at 0x00007fff4418f630, size 32744, tag mtChunk
stack at sp + 6 slots: 0x00007fff441d8b98 points into unknown readable memory: 0x00007fff441d89e8 | e8 89 1d 44 ff 7f 00 00
stack at sp + 7 slots: 0x00007fff441d8b08 points into unknown readable memory: 0x00007fff441d8b98 | 98 8b 1d 44 ff 7f 00 00

Lock stack of current Java thread (top to bottom):


---------------  P R O C E S S  ---------------

uid  : 0 euid : 0 gid  : 0 egid : 0

umask: 0022 (----w--w-)

Threads class SMR info:
_java_thread_list=0x00007ffff82ac360, length=9, elements={
0x00007ffff802b610, 0x00007ffff825b8c0, 0x00007ffff825cb50, 0x00007ffff825e690,
0x00007ffff82600a0, 0x00007ffff8261970, 0x00007ffff8272e80, 0x00007ffff829e440,
0x00007ffff82ac430
}
_java_thread_list_alloc_cnt=10, _java_thread_list_free_cnt=8, _java_thread_list_max=9, _nested_thread_list_max=0
_tlh_cnt=26, _tlh_times=0, avg_tlh_time=0.00, _tlh_time_max=0
_delete_lock_wait_cnt=0, _delete_lock_wait_max=0
_to_delete_list_cnt=0, _to_delete_list_max=1

Java Threads: ( => current thread )
  0x00007ffff802b610 JavaThread "main"                              [_thread_blocked, id=8, stack(0x00007ffffcbd4000,0x00007ffffccd5000) (1028K)]
  0x00007ffff825b8c0 JavaThread "Reference Handler"          daemon [_thread_blocked, id=19, stack(0x00007fffe86e6000,0x00007fffe87e6000) (1024K)]
  0x00007ffff825cb50 JavaThread "Finalizer"                  daemon [_thread_blocked, id=20, stack(0x00007fffe80e0000,0x00007fffe81e0000) (1024K)]
  0x00007ffff825e690 JavaThread "Signal Dispatcher"          daemon [_thread_blocked, id=21, stack(0x00007fffe1f00000,0x00007fffe2000000) (1024K)]
  0x00007ffff82600a0 JavaThread "Service Thread"             daemon [_thread_blocked, id=22, stack(0x00007fffe1dff000,0x00007fffe1eff000) (1024K)]
  0x00007ffff8261970 JavaThread "Monitor Deflation Thread"   daemon [_thread_blocked, id=23, stack(0x00007fffe1cfe000,0x00007fffe1dfe000) (1024K)]
=>0x00007ffff8272e80 JavaThread "C2 CompilerThread0"         daemon [_thread_in_native, id=24, stack(0x00007fffe1bfd000,0x00007fffe1cfd000) (1024K)]
  0x00007ffff829e440 JavaThread "Notification Thread"        daemon [_thread_blocked, id=25, stack(0x00007fffe182d000,0x00007fffe192d000) (1024K)]
  0x00007ffff82ac430 JavaThread "Common-Cleaner"             daemon [_thread_blocked, id=26, stack(0x00007fffe172c000,0x00007fffe182c000) (1024K)]
Total: 9

Other Threads:
  0x00007ffff8221120 VMThread "VM Thread"                           [id=18, stack(0x00007fffe85e5000,0x00007fffe86e5000) (1024K)]
  0x00007ffff8169360 WatcherThread "VM Periodic Task Thread"        [id=17, stack(0x00007fffe87e7000,0x00007fffe88e7000) (1024K)]
  0x00007ffff8087da0 WorkerThread "GC Thread#0"                     [id=9, stack(0x00007fffe9529000,0x00007fffe9629000) (1024K)]
  0x00007ffff809ca50 ConcurrentGCThread "G1 Main Marker"            [id=10, stack(0x00007fffe9428000,0x00007fffe9528000) (1024K)]
  0x00007ffff809dc70 WorkerThread "G1 Conc#0"                       [id=11, stack(0x00007fffe9327000,0x00007fffe9427000) (1024K)]
  0x00007ffff813e410 ConcurrentGCThread "G1 Refine#0"               [id=12, stack(0x00007fffe8a1e000,0x00007fffe8b1e000) (1024K)]
  0x00007ffff813f650 ConcurrentGCThread "G1 Service"                [id=13, stack(0x00007fffe891d000,0x00007fffe8a1d000) (1024K)]
Total: 7

Threads with active compile tasks:
C2 CompilerThread0  1057  141    b        Repro::main (48 bytes)
Total: 1

VM state: not at safepoint (normal execution)

VM Mutex/Monitor currently owned by a thread: None

Heap address: 0x0000000085800000, size: 1960 MB, Compressed Oops mode: 32-bit

CDS archive(s) mapped at: [0x00007fff82000000-0x00007fff82de6000-0x00007fff82de6000), size 14573568, SharedBaseAddress: 0x00007fff82000000, ArchiveRelocationMode: 1.
Compressed class space mapped at: 0x00007fff83000000-0x00007fffc3000000, reserved size: 1073741824
UseCompressedClassPointers 1, UseCompactObjectHeaders 0
Narrow klass pointer bits 32, Max shift 3
Narrow klass base: 0x00007fff82000000, Narrow klass shift: 0
Encoding Range: [0x00007fff82000000 - 0x0000800082000000), (4294967296 bytes)
Klass Range:    [0x00007fff82000000 - 0x00007fffc3000000), (1090519040 bytes)
Klass ID Range:  [8 - 1090519033) (1090519025)

GC Precious Log:
 CardTable entry size: 512
 Card Set container configuration: InlinePtr #cards 5 size 8 Array Of Cards #cards 10 size 36 Howl #buckets 4 coarsen threshold 1843 Howl Bitmap #cards 512 size 80 coarsen threshold 460 Card regions per heap region 1 cards per card region 2048
 CPUs: 8 total, 8 available
 Memory: 7837M
 Large Page Support: Disabled
 NUMA Support: Disabled
 Compressed Oops: Enabled (32-bit)
 Heap Region Size: 1M
 Heap Min Capacity: 8M
 Heap Initial Capacity: 124M
 Heap Max Capacity: 1960M
 Pre-touch: Disabled
 Parallel Workers: 8
 Concurrent Workers: 2
 Concurrent Refinement Workers: 8
 Periodic GC: Disabled

Heap:
 garbage-first heap   total reserved 2007040K, committed 129024K, used 2149K [0x0000000085800000, 0x0000000100000000)
  region size 1024K, 2 young (2048K), 0 survivors (0K)
 Metaspace       used 706K, committed 832K, reserved 1114112K
  class space    used 54K, committed 128K, reserved 1048576K

Heap Regions: E=young(eden), S=young(survivor), O=old, HS=humongous(starts), HC=humongous(continues), CS=collection set, F=free, TAMS=top-at-mark-start, PB=parsable bottom
|   0|0x0000000085800000, 0x0000000085800000, 0x0000000085900000|  0%| F|  |TAMS 0x0000000085800000| PB 0x0000000085800000| Untracked |  0
|   1|0x0000000085900000, 0x0000000085900000, 0x0000000085a00000|  0%| F|  |TAMS 0x0000000085900000| PB 0x0000000085900000| Untracked |  0
|   2|0x0000000085a00000, 0x0000000085a00000, 0x0000000085b00000|  0%| F|  |TAMS 0x0000000085a00000| PB 0x0000000085a00000| Untracked |  0
|   3|0x0000000085b00000, 0x0000000085b00000, 0x0000000085c00000|  0%| F|  |TAMS 0x0000000085b00000| PB 0x0000000085b00000| Untracked |  0
|   4|0x0000000085c00000, 0x0000000085c00000, 0x0000000085d00000|  0%| F|  |TAMS 0x0000000085c00000| PB 0x0000000085c00000| Untracked |  0
|   5|0x0000000085d00000, 0x0000000085d00000, 0x0000000085e00000|  0%| F|  |TAMS 0x0000000085d00000| PB 0x0000000085d00000| Untracked |  0
|   6|0x0000000085e00000, 0x0000000085e00000, 0x0000000085f00000|  0%| F|  |TAMS 0x0000000085e00000| PB 0x0000000085e00000| Untracked |  0
|   7|0x0000000085f00000, 0x0000000085f00000, 0x0000000086000000|  0%| F|  |TAMS 0x0000000085f00000| PB 0x0000000085f00000| Untracked |  0
|   8|0x0000000086000000, 0x0000000086000000, 0x0000000086100000|  0%| F|  |TAMS 0x0000000086000000| PB 0x0000000086000000| Untracked |  0
|   9|0x0000000086100000, 0x0000000086100000, 0x0000000086200000|  0%| F|  |TAMS 0x0000000086100000| PB 0x0000000086100000| Untracked |  0
|  10|0x0000000086200000, 0x0000000086200000, 0x0000000086300000|  0%| F|  |TAMS 0x0000000086200000| PB 0x0000000086200000| Untracked |  0
|  11|0x0000000086300000, 0x0000000086300000, 0x0000000086400000|  0%| F|  |TAMS 0x0000000086300000| PB 0x0000000086300000| Untracked |  0
|  12|0x0000000086400000, 0x0000000086400000, 0x0000000086500000|  0%| F|  |TAMS 0x0000000086400000| PB 0x0000000086400000| Untracked |  0
|  13|0x0000000086500000, 0x0000000086500000, 0x0000000086600000|  0%| F|  |TAMS 0x0000000086500000| PB 0x0000000086500000| Untracked |  0
|  14|0x0000000086600000, 0x0000000086600000, 0x0000000086700000|  0%| F|  |TAMS 0x0000000086600000| PB 0x0000000086600000| Untracked |  0
|  15|0x0000000086700000, 0x0000000086700000, 0x0000000086800000|  0%| F|  |TAMS 0x0000000086700000| PB 0x0000000086700000| Untracked |  0
|  16|0x0000000086800000, 0x0000000086800000, 0x0000000086900000|  0%| F|  |TAMS 0x0000000086800000| PB 0x0000000086800000| Untracked |  0
|  17|0x0000000086900000, 0x0000000086900000, 0x0000000086a00000|  0%| F|  |TAMS 0x0000000086900000| PB 0x0000000086900000| Untracked |  0
|  18|0x0000000086a00000, 0x0000000086a00000, 0x0000000086b00000|  0%| F|  |TAMS 0x0000000086a00000| PB 0x0000000086a00000| Untracked |  0
|  19|0x0000000086b00000, 0x0000000086b00000, 0x0000000086c00000|  0%| F|  |TAMS 0x0000000086b00000| PB 0x0000000086b00000| Untracked |  0
|  20|0x0000000086c00000, 0x0000000086c00000, 0x0000000086d00000|  0%| F|  |TAMS 0x0000000086c00000| PB 0x0000000086c00000| Untracked |  0
|  21|0x0000000086d00000, 0x0000000086d00000, 0x0000000086e00000|  0%| F|  |TAMS 0x0000000086d00000| PB 0x0000000086d00000| Untracked |  0
|  22|0x0000000086e00000, 0x0000000086e00000, 0x0000000086f00000|  0%| F|  |TAMS 0x0000000086e00000| PB 0x0000000086e00000| Untracked |  0
|  23|0x0000000086f00000, 0x0000000086f00000, 0x0000000087000000|  0%| F|  |TAMS 0x0000000086f00000| PB 0x0000000086f00000| Untracked |  0
|  24|0x0000000087000000, 0x0000000087000000, 0x0000000087100000|  0%| F|  |TAMS 0x0000000087000000| PB 0x0000000087000000| Untracked |  0
|  25|0x0000000087100000, 0x0000000087100000, 0x0000000087200000|  0%| F|  |TAMS 0x0000000087100000| PB 0x0000000087100000| Untracked |  0
|  26|0x0000000087200000, 0x0000000087200000, 0x0000000087300000|  0%| F|  |TAMS 0x0000000087200000| PB 0x0000000087200000| Untracked |  0
|  27|0x0000000087300000, 0x0000000087300000, 0x0000000087400000|  0%| F|  |TAMS 0x0000000087300000| PB 0x0000000087300000| Untracked |  0
|  28|0x0000000087400000, 0x0000000087400000, 0x0000000087500000|  0%| F|  |TAMS 0x0000000087400000| PB 0x0000000087400000| Untracked |  0
|  29|0x0000000087500000, 0x0000000087500000, 0x0000000087600000|  0%| F|  |TAMS 0x0000000087500000| PB 0x0000000087500000| Untracked |  0
|  30|0x0000000087600000, 0x0000000087600000, 0x0000000087700000|  0%| F|  |TAMS 0x0000000087600000| PB 0x0000000087600000| Untracked |  0
|  31|0x0000000087700000, 0x0000000087700000, 0x0000000087800000|  0%| F|  |TAMS 0x0000000087700000| PB 0x0000000087700000| Untracked |  0
|  32|0x0000000087800000, 0x0000000087800000, 0x0000000087900000|  0%| F|  |TAMS 0x0000000087800000| PB 0x0000000087800000| Untracked |  0
|  33|0x0000000087900000, 0x0000000087900000, 0x0000000087a00000|  0%| F|  |TAMS 0x0000000087900000| PB 0x0000000087900000| Untracked |  0
|  34|0x0000000087a00000, 0x0000000087a00000, 0x0000000087b00000|  0%| F|  |TAMS 0x0000000087a00000| PB 0x0000000087a00000| Untracked |  0
|  35|0x0000000087b00000, 0x0000000087b00000, 0x0000000087c00000|  0%| F|  |TAMS 0x0000000087b00000| PB 0x0000000087b00000| Untracked |  0
|  36|0x0000000087c00000, 0x0000000087c00000, 0x0000000087d00000|  0%| F|  |TAMS 0x0000000087c00000| PB 0x0000000087c00000| Untracked |  0
|  37|0x0000000087d00000, 0x0000000087d00000, 0x0000000087e00000|  0%| F|  |TAMS 0x0000000087d00000| PB 0x0000000087d00000| Untracked |  0
|  38|0x0000000087e00000, 0x0000000087e00000, 0x0000000087f00000|  0%| F|  |TAMS 0x0000000087e00000| PB 0x0000000087e00000| Untracked |  0
|  39|0x0000000087f00000, 0x0000000087f00000, 0x0000000088000000|  0%| F|  |TAMS 0x0000000087f00000| PB 0x0000000087f00000| Untracked |  0
|  40|0x0000000088000000, 0x0000000088000000, 0x0000000088100000|  0%| F|  |TAMS 0x0000000088000000| PB 0x0000000088000000| Untracked |  0
|  41|0x0000000088100000, 0x0000000088100000, 0x0000000088200000|  0%| F|  |TAMS 0x0000000088100000| PB 0x0000000088100000| Untracked |  0
|  42|0x0000000088200000, 0x0000000088200000, 0x0000000088300000|  0%| F|  |TAMS 0x0000000088200000| PB 0x0000000088200000| Untracked |  0
|  43|0x0000000088300000, 0x0000000088300000, 0x0000000088400000|  0%| F|  |TAMS 0x0000000088300000| PB 0x0000000088300000| Untracked |  0
|  44|0x0000000088400000, 0x0000000088400000, 0x0000000088500000|  0%| F|  |TAMS 0x0000000088400000| PB 0x0000000088400000| Untracked |  0
|  45|0x0000000088500000, 0x0000000088500000, 0x0000000088600000|  0%| F|  |TAMS 0x0000000088500000| PB 0x0000000088500000| Untracked |  0
|  46|0x0000000088600000, 0x0000000088600000, 0x0000000088700000|  0%| F|  |TAMS 0x0000000088600000| PB 0x0000000088600000| Untracked |  0
|  47|0x0000000088700000, 0x0000000088700000, 0x0000000088800000|  0%| F|  |TAMS 0x0000000088700000| PB 0x0000000088700000| Untracked |  0
|  48|0x0000000088800000, 0x0000000088800000, 0x0000000088900000|  0%| F|  |TAMS 0x0000000088800000| PB 0x0000000088800000| Untracked |  0
|  49|0x0000000088900000, 0x0000000088900000, 0x0000000088a00000|  0%| F|  |TAMS 0x0000000088900000| PB 0x0000000088900000| Untracked |  0
|  50|0x0000000088a00000, 0x0000000088a00000, 0x0000000088b00000|  0%| F|  |TAMS 0x0000000088a00000| PB 0x0000000088a00000| Untracked |  0
|  51|0x0000000088b00000, 0x0000000088b00000, 0x0000000088c00000|  0%| F|  |TAMS 0x0000000088b00000| PB 0x0000000088b00000| Untracked |  0
|  52|0x0000000088c00000, 0x0000000088c00000, 0x0000000088d00000|  0%| F|  |TAMS 0x0000000088c00000| PB 0x0000000088c00000| Untracked |  0
|  53|0x0000000088d00000, 0x0000000088d00000, 0x0000000088e00000|  0%| F|  |TAMS 0x0000000088d00000| PB 0x0000000088d00000| Untracked |  0
|  54|0x0000000088e00000, 0x0000000088e00000, 0x0000000088f00000|  0%| F|  |TAMS 0x0000000088e00000| PB 0x0000000088e00000| Untracked |  0
|  55|0x0000000088f00000, 0x0000000088f00000, 0x0000000089000000|  0%| F|  |TAMS 0x0000000088f00000| PB 0x0000000088f00000| Untracked |  0
|  56|0x0000000089000000, 0x0000000089000000, 0x0000000089100000|  0%| F|  |TAMS 0x0000000089000000| PB 0x0000000089000000| Untracked |  0
|  57|0x0000000089100000, 0x0000000089100000, 0x0000000089200000|  0%| F|  |TAMS 0x0000000089100000| PB 0x0000000089100000| Untracked |  0
|  58|0x0000000089200000, 0x0000000089200000, 0x0000000089300000|  0%| F|  |TAMS 0x0000000089200000| PB 0x0000000089200000| Untracked |  0
|  59|0x0000000089300000, 0x0000000089300000, 0x0000000089400000|  0%| F|  |TAMS 0x0000000089300000| PB 0x0000000089300000| Untracked |  0
|  60|0x0000000089400000, 0x0000000089400000, 0x0000000089500000|  0%| F|  |TAMS 0x0000000089400000| PB 0x0000000089400000| Untracked |  0
|  61|0x0000000089500000, 0x0000000089500000, 0x0000000089600000|  0%| F|  |TAMS 0x0000000089500000| PB 0x0000000089500000| Untracked |  0
|  62|0x0000000089600000, 0x0000000089600000, 0x0000000089700000|  0%| F|  |TAMS 0x0000000089600000| PB 0x0000000089600000| Untracked |  0
|  63|0x0000000089700000, 0x0000000089700000, 0x0000000089800000|  0%| F|  |TAMS 0x0000000089700000| PB 0x0000000089700000| Untracked |  0
|  64|0x0000000089800000, 0x0000000089800000, 0x0000000089900000|  0%| F|  |TAMS 0x0000000089800000| PB 0x0000000089800000| Untracked |  0
|  65|0x0000000089900000, 0x0000000089900000, 0x0000000089a00000|  0%| F|  |TAMS 0x0000000089900000| PB 0x0000000089900000| Untracked |  0
|  66|0x0000000089a00000, 0x0000000089a00000, 0x0000000089b00000|  0%| F|  |TAMS 0x0000000089a00000| PB 0x0000000089a00000| Untracked |  0
|  67|0x0000000089b00000, 0x0000000089b00000, 0x0000000089c00000|  0%| F|  |TAMS 0x0000000089b00000| PB 0x0000000089b00000| Untracked |  0
|  68|0x0000000089c00000, 0x0000000089c00000, 0x0000000089d00000|  0%| F|  |TAMS 0x0000000089c00000| PB 0x0000000089c00000| Untracked |  0
|  69|0x0000000089d00000, 0x0000000089d00000, 0x0000000089e00000|  0%| F|  |TAMS 0x0000000089d00000| PB 0x0000000089d00000| Untracked |  0
|  70|0x0000000089e00000, 0x0000000089e00000, 0x0000000089f00000|  0%| F|  |TAMS 0x0000000089e00000| PB 0x0000000089e00000| Untracked |  0
|  71|0x0000000089f00000, 0x0000000089f00000, 0x000000008a000000|  0%| F|  |TAMS 0x0000000089f00000| PB 0x0000000089f00000| Untracked |  0
|  72|0x000000008a000000, 0x000000008a000000, 0x000000008a100000|  0%| F|  |TAMS 0x000000008a000000| PB 0x000000008a000000| Untracked |  0
|  73|0x000000008a100000, 0x000000008a100000, 0x000000008a200000|  0%| F|  |TAMS 0x000000008a100000| PB 0x000000008a100000| Untracked |  0
|  74|0x000000008a200000, 0x000000008a200000, 0x000000008a300000|  0%| F|  |TAMS 0x000000008a200000| PB 0x000000008a200000| Untracked |  0
|  75|0x000000008a300000, 0x000000008a300000, 0x000000008a400000|  0%| F|  |TAMS 0x000000008a300000| PB 0x000000008a300000| Untracked |  0
|  76|0x000000008a400000, 0x000000008a400000, 0x000000008a500000|  0%| F|  |TAMS 0x000000008a400000| PB 0x000000008a400000| Untracked |  0
|  77|0x000000008a500000, 0x000000008a500000, 0x000000008a600000|  0%| F|  |TAMS 0x000000008a500000| PB 0x000000008a500000| Untracked |  0
|  78|0x000000008a600000, 0x000000008a600000, 0x000000008a700000|  0%| F|  |TAMS 0x000000008a600000| PB 0x000000008a600000| Untracked |  0
|  79|0x000000008a700000, 0x000000008a700000, 0x000000008a800000|  0%| F|  |TAMS 0x000000008a700000| PB 0x000000008a700000| Untracked |  0
|  80|0x000000008a800000, 0x000000008a800000, 0x000000008a900000|  0%| F|  |TAMS 0x000000008a800000| PB 0x000000008a800000| Untracked |  0
|  81|0x000000008a900000, 0x000000008a900000, 0x000000008aa00000|  0%| F|  |TAMS 0x000000008a900000| PB 0x000000008a900000| Untracked |  0
|  82|0x000000008aa00000, 0x000000008aa00000, 0x000000008ab00000|  0%| F|  |TAMS 0x000000008aa00000| PB 0x000000008aa00000| Untracked |  0
|  83|0x000000008ab00000, 0x000000008ab00000, 0x000000008ac00000|  0%| F|  |TAMS 0x000000008ab00000| PB 0x000000008ab00000| Untracked |  0
|  84|0x000000008ac00000, 0x000000008ac00000, 0x000000008ad00000|  0%| F|  |TAMS 0x000000008ac00000| PB 0x000000008ac00000| Untracked |  0
|  85|0x000000008ad00000, 0x000000008ad00000, 0x000000008ae00000|  0%| F|  |TAMS 0x000000008ad00000| PB 0x000000008ad00000| Untracked |  0
|  86|0x000000008ae00000, 0x000000008ae00000, 0x000000008af00000|  0%| F|  |TAMS 0x000000008ae00000| PB 0x000000008ae00000| Untracked |  0
|  87|0x000000008af00000, 0x000000008af00000, 0x000000008b000000|  0%| F|  |TAMS 0x000000008af00000| PB 0x000000008af00000| Untracked |  0
|  88|0x000000008b000000, 0x000000008b000000, 0x000000008b100000|  0%| F|  |TAMS 0x000000008b000000| PB 0x000000008b000000| Untracked |  0
|  89|0x000000008b100000, 0x000000008b100000, 0x000000008b200000|  0%| F|  |TAMS 0x000000008b100000| PB 0x000000008b100000| Untracked |  0
|  90|0x000000008b200000, 0x000000008b200000, 0x000000008b300000|  0%| F|  |TAMS 0x000000008b200000| PB 0x000000008b200000| Untracked |  0
|  91|0x000000008b300000, 0x000000008b300000, 0x000000008b400000|  0%| F|  |TAMS 0x000000008b300000| PB 0x000000008b300000| Untracked |  0
|  92|0x000000008b400000, 0x000000008b400000, 0x000000008b500000|  0%| F|  |TAMS 0x000000008b400000| PB 0x000000008b400000| Untracked |  0
|  93|0x000000008b500000, 0x000000008b500000, 0x000000008b600000|  0%| F|  |TAMS 0x000000008b500000| PB 0x000000008b500000| Untracked |  0
|  94|0x000000008b600000, 0x000000008b600000, 0x000000008b700000|  0%| F|  |TAMS 0x000000008b600000| PB 0x000000008b600000| Untracked |  0
|  95|0x000000008b700000, 0x000000008b700000, 0x000000008b800000|  0%| F|  |TAMS 0x000000008b700000| PB 0x000000008b700000| Untracked |  0
|  96|0x000000008b800000, 0x000000008b800000, 0x000000008b900000|  0%| F|  |TAMS 0x000000008b800000| PB 0x000000008b800000| Untracked |  0
|  97|0x000000008b900000, 0x000000008b900000, 0x000000008ba00000|  0%| F|  |TAMS 0x000000008b900000| PB 0x000000008b900000| Untracked |  0
|  98|0x000000008ba00000, 0x000000008ba00000, 0x000000008bb00000|  0%| F|  |TAMS 0x000000008ba00000| PB 0x000000008ba00000| Untracked |  0
|  99|0x000000008bb00000, 0x000000008bb00000, 0x000000008bc00000|  0%| F|  |TAMS 0x000000008bb00000| PB 0x000000008bb00000| Untracked |  0
| 100|0x000000008bc00000, 0x000000008bc00000, 0x000000008bd00000|  0%| F|  |TAMS 0x000000008bc00000| PB 0x000000008bc00000| Untracked |  0
| 101|0x000000008bd00000, 0x000000008bd00000, 0x000000008be00000|  0%| F|  |TAMS 0x000000008bd00000| PB 0x000000008bd00000| Untracked |  0
| 102|0x000000008be00000, 0x000000008be00000, 0x000000008bf00000|  0%| F|  |TAMS 0x000000008be00000| PB 0x000000008be00000| Untracked |  0
| 103|0x000000008bf00000, 0x000000008bf00000, 0x000000008c000000|  0%| F|  |TAMS 0x000000008bf00000| PB 0x000000008bf00000| Untracked |  0
| 104|0x000000008c000000, 0x000000008c000000, 0x000000008c100000|  0%| F|  |TAMS 0x000000008c000000| PB 0x000000008c000000| Untracked |  0
| 105|0x000000008c100000, 0x000000008c100000, 0x000000008c200000|  0%| F|  |TAMS 0x000000008c100000| PB 0x000000008c100000| Untracked |  0
| 106|0x000000008c200000, 0x000000008c200000, 0x000000008c300000|  0%| F|  |TAMS 0x000000008c200000| PB 0x000000008c200000| Untracked |  0
| 107|0x000000008c300000, 0x000000008c300000, 0x000000008c400000|  0%| F|  |TAMS 0x000000008c300000| PB 0x000000008c300000| Untracked |  0
| 108|0x000000008c400000, 0x000000008c400000, 0x000000008c500000|  0%| F|  |TAMS 0x000000008c400000| PB 0x000000008c400000| Untracked |  0
| 109|0x000000008c500000, 0x000000008c500000, 0x000000008c600000|  0%| F|  |TAMS 0x000000008c500000| PB 0x000000008c500000| Untracked |  0
| 110|0x000000008c600000, 0x000000008c600000, 0x000000008c700000|  0%| F|  |TAMS 0x000000008c600000| PB 0x000000008c600000| Untracked |  0
| 111|0x000000008c700000, 0x000000008c700000, 0x000000008c800000|  0%| F|  |TAMS 0x000000008c700000| PB 0x000000008c700000| Untracked |  0
| 112|0x000000008c800000, 0x000000008c800000, 0x000000008c900000|  0%| F|  |TAMS 0x000000008c800000| PB 0x000000008c800000| Untracked |  0
| 113|0x000000008c900000, 0x000000008c900000, 0x000000008ca00000|  0%| F|  |TAMS 0x000000008c900000| PB 0x000000008c900000| Untracked |  0
| 114|0x000000008ca00000, 0x000000008ca00000, 0x000000008cb00000|  0%| F|  |TAMS 0x000000008ca00000| PB 0x000000008ca00000| Untracked |  0
| 115|0x000000008cb00000, 0x000000008cb00000, 0x000000008cc00000|  0%| F|  |TAMS 0x000000008cb00000| PB 0x000000008cb00000| Untracked |  0
| 116|0x000000008cc00000, 0x000000008cc00000, 0x000000008cd00000|  0%| F|  |TAMS 0x000000008cc00000| PB 0x000000008cc00000| Untracked |  0
| 117|0x000000008cd00000, 0x000000008cd00000, 0x000000008ce00000|  0%| F|  |TAMS 0x000000008cd00000| PB 0x000000008cd00000| Untracked |  0
| 118|0x000000008ce00000, 0x000000008ce00000, 0x000000008cf00000|  0%| F|  |TAMS 0x000000008ce00000| PB 0x000000008ce00000| Untracked |  0
| 119|0x000000008cf00000, 0x000000008cf00000, 0x000000008d000000|  0%| F|  |TAMS 0x000000008cf00000| PB 0x000000008cf00000| Untracked |  0
| 120|0x000000008d000000, 0x000000008d000000, 0x000000008d100000|  0%| F|  |TAMS 0x000000008d000000| PB 0x000000008d000000| Untracked |  0
| 121|0x000000008d100000, 0x000000008d100000, 0x000000008d200000|  0%| F|  |TAMS 0x000000008d100000| PB 0x000000008d100000| Untracked |  0
| 122|0x000000008d200000, 0x000000008d300000, 0x000000008d300000|100%| E|  |TAMS 0x000000008d200000| PB 0x000000008d200000| Complete |  0
| 123|0x000000008d300000, 0x000000008d400000, 0x000000008d400000|100%| E|CS|TAMS 0x000000008d300000| PB 0x000000008d300000| Complete |  0
|1958|0x00000000ffe00000, 0x00000000fff00000, 0x00000000fff00000|100%| O|  |TAMS 0x00000000ffe00000| PB 0x00000000ffe00000| Untracked |  0
|1959|0x00000000fff00000, 0x00000000fff19670, 0x0000000100000000|  9%| O|  |TAMS 0x00000000fff00000| PB 0x00000000fff00000| Untracked |  0

Card table byte_map: [0x00007fffeb548000,0x00007fffeb91c000] _byte_map_base: 0x00007fffeb11c000

Marking Bits: (CMBitMap*) 0x00007ffff8088ae0
 Bits: [0x00007fffe96a8000, 0x00007fffeb548000)

Polling page: 0x00007ffffc9b5000

Metaspace:

Usage:
  Non-class:    651.99 KB used.
      Class:     54.05 KB used.
       Both:    706.04 KB used.

Virtual space:
  Non-class space:       64.00 MB reserved,     704.00 KB (  1%) committed,  1 nodes.
      Class space:        1.00 GB reserved,     128.00 KB ( <1%) committed,  1 nodes.
             Both:        1.06 GB reserved,     832.00 KB ( <1%) committed. 

Chunk freelists:
   Non-Class:  11.94 MB
       Class:  15.72 MB
        Both:  27.66 MB

MaxMetaspaceSize: unlimited
CompressedClassSpaceSize: 1.00 GB
Initial GC threshold: 21.00 MB
Current GC threshold: 21.00 MB
CDS: on
 - commit_granule_bytes: 65536.
 - commit_granule_words: 8192.
 - virtual_space_node_default_size: 8388608.
 - enlarge_chunks_in_place: 1.
UseCompressedClassPointers 1, UseCompactObjectHeaders 0
Narrow klass pointer bits 32, Max shift 3
Narrow klass base: 0x00007fff82000000, Narrow klass shift: 0
Encoding Range: [0x00007fff82000000 - 0x0000800082000000), (4294967296 bytes)
Klass Range:    [0x00007fff82000000 - 0x00007fffc3000000), (1090519040 bytes)
Klass ID Range:  [8 - 1090519033) (1090519025)


Internal statistics:

num_allocs: 7060.
num_deallocs: 12.
num_allocs_from_deallocated_blocks: 22.
num_chunks_retired: 1.
num_allocs_failed_limit: 0.
num_arena_births: 60.
num_arena_deaths: 0.
num_vsnodes_births: 2.
num_vsnodes_deaths: 0.
num_space_committed: 13.
num_space_uncommitted: 0.
num_chunks_returned_to_freelist: 0.
num_chunks_taken_from_freelist: 62.
num_chunk_merges: 0.
num_chunk_splits: 46.
num_chunks_enlarged: 56.
num_inconsistent_stats: 0.

CodeCache: size=49152Kb used=1369Kb max_used=1384Kb free=47782Kb
 bounds [0x00007fffebdf1000, 0x00007fffec061000, 0x00007fffeedf1000]
 total_blobs=856, nmethods=140, adapters=669, full_count=0
Compilation: enabled, stopped_count=0, restarted_count=0

Compilation events (20 events):
Event: 0.907 Thread 0x00007ffff8272e80 nmethod 131 0x00007fffebf48388 code [0x00007fffebf484a0, 0x00007fffebf485a8]
Event: 0.907 Thread 0x00007ffff8272e80  132    b        jdk.internal.foreign.AbstractMemorySegmentImpl::isAlignedForElement (12 bytes)
Event: 0.908 Thread 0x00007ffff8272e80 nmethod 132 0x00007fffebf48088 code [0x00007fffebf481c0, 0x00007fffebf482f0]
Event: 0.908 Thread 0x00007ffff8272e80  133    b        jdk.internal.foreign.AbstractMemorySegmentImpl::isAlignedForElement (26 bytes)
Event: 0.909 Thread 0x00007ffff8272e80 nmethod 133 0x00007fffebf47d88 code [0x00007fffebf47ea0, 0x00007fffebf47f60]
Event: 0.909 Thread 0x00007ffff8272e80  134    b        java.lang.invoke.VarHandleSegmentAsLongs::offsetPlain (13 bytes)
Event: 0.909 Thread 0x00007ffff8272e80 nmethod 134 0x00007fffebf47a88 code [0x00007fffebf47ba0, 0x00007fffebf47c38]
Event: 0.909 Thread 0x00007ffff8272e80  135   !b        jdk.internal.misc.ScopedMemoryAccess::putLongUnaligned (23 bytes)
Event: 0.911 Thread 0x00007ffff8272e80 nmethod 135 0x00007fffebf47708 code [0x00007fffebf47840, 0x00007fffebf47a08]
Event: 0.911 Thread 0x00007ffff8272e80  136   !b        jdk.internal.misc.ScopedMemoryAccess::putLongUnalignedInternal (37 bytes)
Event: 0.912 Thread 0x00007ffff8272e80 nmethod 136 0x00007fffebf47388 code [0x00007fffebf474c0, 0x00007fffebf47690]
Event: 0.912 Thread 0x00007ffff8272e80  137    b        jdk.internal.misc.Unsafe::putLongUnaligned (14 bytes)
Event: 0.913 Thread 0x00007ffff8272e80 nmethod 137 0x00007fffebf47088 code [0x00007fffebf471a0, 0x00007fffebf47298]
Event: 0.913 Thread 0x00007ffff8272e80  138    b        jdk.internal.misc.Unsafe::convEndian (16 bytes)
Event: 0.913 Thread 0x00007ffff8272e80 nmethod 138 0x00007fffebf46d88 code [0x00007fffebf46ea0, 0x00007fffebf46f38]
Event: 0.914 Thread 0x00007ffff8272e80  139    b        jdk.internal.misc.Unsafe::putLongUnaligned (157 bytes)
Event: 0.915 Thread 0x00007ffff8272e80 nmethod 139 0x00007fffebf46988 code [0x00007fffebf46aa0, 0x00007fffebf46bb0]
Event: 0.919 Thread 0x00007ffff8272e80  140 %  b        Repro::main @ 4 (48 bytes)
Event: 0.944 Thread 0x00007ffff8272e80 nmethod 140% 0x00007fffebf49e88 code [0x00007fffebf49fe0, 0x00007fffebf4a480]
Event: 0.944 Thread 0x00007ffff8272e80  141    b        Repro::main (48 bytes)

GC Heap History (0 events):
No events

Dll operation events (2 events):
Event: 0.042 Loaded shared library /opt/jdk/lib/libjava.so
Event: 0.363 Loaded shared library /opt/jdk/lib/libjsvml.so

Deoptimization events (0 events):
No events

Classes loaded (20 events):
Event: 0.635 Loading class jdk/internal/foreign/SegmentBulkOperations
Event: 0.635 Loading class jdk/internal/foreign/SegmentBulkOperations done
Event: 0.635 Loading class jdk/internal/util/Architecture
Event: 0.636 Loading class jdk/internal/util/Architecture done
Event: 0.639 Loading class jdk/internal/foreign/layout/ValueLayouts$AbstractValueLayout$1VarHandleCache
Event: 0.639 Loading class jdk/internal/foreign/layout/ValueLayouts$AbstractValueLayout$1VarHandleCache done
Event: 0.642 Loading class java/lang/foreign/MemoryLayout$PathElement
Event: 0.642 Loading class java/lang/foreign/MemoryLayout$PathElement done
Event: 0.642 Loading class jdk/internal/foreign/LayoutPath
Event: 0.642 Loading class jdk/internal/foreign/LayoutPath done
Event: 0.656 Loading class jdk/internal/foreign/Utils$1VarHandleCache
Event: 0.656 Loading class jdk/internal/foreign/Utils$1VarHandleCache done
Event: 0.657 Loading class java/lang/invoke/VarHandleSegmentAsLongs
Event: 0.657 Loading class java/lang/invoke/VarHandleSegmentViewBase
Event: 0.657 Loading class java/lang/invoke/VarHandleSegmentViewBase done
Event: 0.657 Loading class java/lang/invoke/VarHandleSegmentAsLongs done
Event: 0.658 Loading class java/lang/invoke/IndirectVarHandle
Event: 0.659 Loading class java/lang/invoke/IndirectVarHandle done
Event: 0.698 Loading class java/lang/invoke/BoundMethodHandle$Species_LLJ
Event: 0.698 Loading class java/lang/invoke/BoundMethodHandle$Species_LLJ done

Classes unloaded (0 events):
No events

Classes redefined (0 events):
No events

Internal exceptions (17 events):
Event: 0.573 Thread 0x00007ffff802b610 Exception <a 'java/lang/NoSuchMethodError'{0x000000008d31f190}: 'java.lang.Object java.lang.invoke.DirectMethodHandle$Holder.invokeStaticInit(java.lang.Object)'> (0x000000008d31f190) 
thrown [src/hotspot/share/interpreter/linkResolver.cpp, line 804]
Event: 0.614 Thread 0x00007ffff802b610 Exception <a 'java/lang/NoSuchMethodError'{0x000000008d3470a0}: 'int java.lang.invoke.DirectMethodHandle$Holder.invokeStaticInit(java.lang.Object, int)'> (0x000000008d3470a0) 
thrown [src/hotspot/share/interpreter/linkResolver.cpp, line 804]
Event: 0.616 Thread 0x00007ffff802b610 Exception <a 'java/lang/NoSuchMethodError'{0x000000008d34f588}: 'long java.lang.invoke.DirectMethodHandle$Holder.invokeStatic(java.lang.Object, java.lang.Object)'> (0x000000008d34f588) 
thrown [src/hotspot/share/interpreter/linkResolver.cpp, line 804]
Event: 0.617 Thread 0x00007ffff802b610 Exception <a 'java/lang/NoSuchMethodError'{0x000000008d3572f8}: 'long java.lang.invoke.DirectMethodHandle$Holder.invokeStaticInit(java.lang.Object, java.lang.Object)'> (0x000000008d3572f8) 
thrown [src/hotspot/share/interpreter/linkResolver.cpp, line 804]
Event: 0.618 Thread 0x00007ffff802b610 Exception <a 'java/lang/NoSuchMethodError'{0x000000008d35f6d0}: 'java.lang.Object java.lang.invoke.DirectMethodHandle$Holder.invokeStatic(java.lang.Object, long, java.lang.Object)'> (0x000000008d35f6d0) 
thrown [src/hotspot/share/interpreter/linkResolver.cpp, line 804]
Event: 0.619 Thread 0x00007ffff802b610 Exception <a 'java/lang/NoSuchMethodError'{0x000000008d367538}: 'java.lang.Object java.lang.invoke.DirectMethodHandle$Holder.invokeStaticInit(java.lang.Object, long, java.lang.Object)'> (0x000000008d367538) 
thrown [src/hotspot/share/interpreter/linkResolver.cpp, line 804]
Event: 0.621 Thread 0x00007ffff802b610 Exception <a 'java/lang/NoSuchMethodError'{0x000000008d36f6c0}: 'java.lang.Object java.lang.invoke.DirectMethodHandle$Holder.invokeStatic(java.lang.Object, long)'> (0x000000008d36f6c0) 
thrown [src/hotspot/share/interpreter/linkResolver.cpp, line 804]
Event: 0.621 Thread 0x00007ffff802b610 Exception <a 'java/lang/NoSuchMethodError'{0x000000008d377430}: 'java.lang.Object java.lang.invoke.DirectMethodHandle$Holder.invokeStaticInit(java.lang.Object, long)'> (0x000000008d377430) 
thrown [src/hotspot/share/interpreter/linkResolver.cpp, line 804]
Event: 0.628 Thread 0x00007ffff802b610 Exception <a 'java/lang/NoSuchMethodError'{0x000000008d208178}: 'java.lang.Object java.lang.invoke.DirectMethodHandle$Holder.newInvokeSpecial(java.lang.Object, long, java.lang.Object)'> (0x000000008d208178) 
thrown [src/hotspot/share/interpreter/linkResolver.cpp, line 804]
Event: 0.644 Thread 0x00007ffff802b610 Exception <a 'java/lang/NoSuchMethodError'{0x000000008d23c840}: 'long java.lang.invoke.DirectMethodHandle$Holder.invokeStaticInit(java.lang.Object, long, long, long, long)'> (0x000000008d23c840) 
thrown [src/hotspot/share/interpreter/linkResolver.cpp, line 804]
Event: 0.649 Thread 0x00007ffff802b610 Exception <a 'java/lang/NoSuchMethodError'{0x000000008d245108}: 'java.lang.Object java.lang.invoke.DirectMethodHandle$Holder.invokeInterface(java.lang.Object, java.lang.Object, long, long)'> (0x000000008d245108) 
thrown [src/hotspot/share/interpreter/linkResolver.cpp, line 804]
Event: 0.650 Thread 0x00007ffff802b610 Exception <a 'java/lang/NoSuchMethodError'{0x000000008d24d5a8}: 'java.lang.Object java.lang.invoke.DirectMethodHandle$Holder.invokeInterface(java.lang.Object, java.lang.Object, long, java.lang.Object)'> (0x000000008d24d5a8) 
thrown [src/hotspot/share/interpreter/linkResolver.cpp, line 804]
Event: 0.653 Thread 0x00007ffff802b610 Exception <a 'java/lang/NoSuchMethodError'{0x000000008d25d618}: 'void java.lang.invoke.DirectMethodHandle$Holder.invokeStaticInit(java.lang.Object, java.lang.Object, long, java.lang.Object)'> (0x000000008d25d618) 
thrown [src/hotspot/share/interpreter/linkResolver.cpp, line 804]
Event: 0.654 Thread 0x00007ffff802b610 Exception <a 'java/lang/NoSuchMethodError'{0x000000008d2662c8}: 'long java.lang.invoke.DirectMethodHandle$Holder.invokeStatic(java.lang.Object, long, long)'> (0x000000008d2662c8) 
thrown [src/hotspot/share/interpreter/linkResolver.cpp, line 804]
Event: 0.667 Thread 0x00007ffff802b610 Exception <a 'java/lang/NoSuchMethodError'{0x000000008d290258}: 'java.lang.Object java.lang.invoke.DirectMethodHandle$Holder.newInvokeSpecial(java.lang.Object, int, java.lang.Object)'> (0x000000008d290258) 
thrown [src/hotspot/share/interpreter/linkResolver.cpp, line 804]
Event: 0.689 Thread 0x00007ffff802b610 Exception <a 'java/lang/NoSuchMethodError'{0x000000008d2ab5f0}: 'void java.lang.invoke.DelegatingMethodHandle$Holder.reinvoke_L(java.lang.Object, java.lang.Object, java.lang.Object, java.lang.Object, long, long, long)'> (0x000000008d2ab5f0) 
thrown [src/hotspot/share/interpreter/linkResolver.cpp, line 804]
Event: 0.815 Thread 0x00007ffff802b610 Exception <a 'java/lang/NoSuchMethodError'{0x000000008d2cc3f0}: 'java.lang.Object java.lang.invoke.DirectMethodHandle$Holder.invokeStatic(java.lang.Object, java.lang.Object, java.lang.Object, java.lang.Object, java.lang.Object, long)'> (0x000000008d2cc3f0) 
thrown [src/hotspot/share/interpreter/linkResolver.cpp, line 804]

VM Operations (0 events):
No events

Memory protections (9 events):
Event: 0.035 Protecting memory [0x00007ffffcbd4000,0x00007ffffcbd8000] with protection modes 0
Event: 0.319 Protecting memory [0x00007fffe86e6000,0x00007fffe86ea000] with protection modes 0
Event: 0.320 Protecting memory [0x00007fffe80e0000,0x00007fffe80e4000] with protection modes 0
Event: 0.325 Protecting memory [0x00007fffe1f00000,0x00007fffe1f04000] with protection modes 0
Event: 0.327 Protecting memory [0x00007fffe1dff000,0x00007fffe1e03000] with protection modes 0
Event: 0.327 Protecting memory [0x00007fffe1cfe000,0x00007fffe1d02000] with protection modes 0
Event: 0.328 Protecting memory [0x00007fffe1bfd000,0x00007fffe1c01000] with protection modes 0
Event: 0.386 Protecting memory [0x00007fffe182d000,0x00007fffe1831000] with protection modes 0
Event: 0.436 Protecting memory [0x00007fffe172c000,0x00007fffe1730000] with protection modes 0

Nmethod flushes (0 events):
No events

Events (9 events):
Event: 0.168 Thread 0x00007ffff802b610 Thread added: 0x00007ffff802b610
Event: 0.319 Thread 0x00007ffff802b610 Thread added: 0x00007ffff825b8c0
Event: 0.319 Thread 0x00007ffff802b610 Thread added: 0x00007ffff825cb50
Event: 0.325 Thread 0x00007ffff802b610 Thread added: 0x00007ffff825e690
Event: 0.327 Thread 0x00007ffff802b610 Thread added: 0x00007ffff82600a0
Event: 0.327 Thread 0x00007ffff802b610 Thread added: 0x00007ffff8261970
Event: 0.328 Thread 0x00007ffff802b610 Thread added: 0x00007ffff8272e80
Event: 0.386 Thread 0x00007ffff802b610 Thread added: 0x00007ffff829e440
Event: 0.436 Thread 0x00007ffff802b610 Thread added: 0x00007ffff82ac430


Dynamic libraries:
85800000-8d400000 rw-p 00000000 00:00 0 
8d400000-ffe00000 ---p 00000000 00:00 0 
ffe00000-fff1a000 rw-p 00e1c000 00:3e 33567853                           /opt/jdk/lib/fastdebug/classes.jsa
fff1a000-100000000 rw-p 00000000 00:00 0 
555555554000-555555555000 r-xp 00000000 00:3e 33567464                   /opt/jdk/bin/java
555555555000-555555755000 ---p 00000000 00:00 0 
555555755000-555555756000 r--p 00001000 00:3e 33567464                   /opt/jdk/bin/java
555555756000-555555757000 rw-p 00002000 00:3e 33567464                   /opt/jdk/bin/java
555555757000-55555579d000 rw-p 00000000 00:00 0 
7fff34000000-7fff34021000 rw-p 00000000 00:00 0 
7fff34021000-7fff38000000 ---p 00000000 00:00 0 
7fff3c000000-7fff3c021000 rw-p 00000000 00:00 0 
7fff3c021000-7fff40000000 ---p 00000000 00:00 0 
7fff44000000-7fff44354000 rw-p 00000000 00:00 0 
7fff44354000-7fff48000000 ---p 00000000 00:00 0 
7fff4c000000-7fff4c021000 rw-p 00000000 00:00 0 
7fff4c021000-7fff50000000 ---p 00000000 00:00 0 
7fff54000000-7fff54021000 rw-p 00000000 00:00 0 
7fff54021000-7fff58000000 ---p 00000000 00:00 0 
7fff5c000000-7fff5c021000 rw-p 00000000 00:00 0 
7fff5c021000-7fff60000000 ---p 00000000 00:00 0 
7fff64000000-7fff64021000 rw-p 00000000 00:00 0 
7fff64021000-7fff68000000 ---p 00000000 00:00 0 
7fff6c000000-7fff6c021000 rw-p 00000000 00:00 0 
7fff6c021000-7fff70000000 ---p 00000000 00:00 0 
7fff74000000-7fff74021000 rw-p 00000000 00:00 0 
7fff74021000-7fff78000000 ---p 00000000 00:00 0 
7fff7c000000-7fff7c021000 rw-p 00000000 00:00 0 
7fff7c021000-7fff80000000 ---p 00000000 00:00 0 
7fff82000000-7fff82558000 rw-p 00001000 00:3e 33567853                   /opt/jdk/lib/fastdebug/classes.jsa
7fff82558000-7fff82de6000 rw-p 00559000 00:3e 33567853                   /opt/jdk/lib/fastdebug/classes.jsa
7fff82de6000-7fff83000000 ---p 00000000 00:00 0 
7fff83000000-7fff83010000 rw-p 00000000 00:00 0 
7fff83010000-7fff83040000 ---p 00000000 00:00 0 
7fff83040000-7fff83050000 rw-p 00000000 00:00 0 
7fff83050000-7fffc3000000 ---p 00000000 00:00 0 
7fffc4000000-7fffc4021000 rw-p 00000000 00:00 0 
7fffc4021000-7fffc8000000 ---p 00000000 00:00 0 
7fffcc000000-7fffcc021000 rw-p 00000000 00:00 0 
7fffcc021000-7fffd0000000 ---p 00000000 00:00 0 
7fffd4000000-7fffd4021000 rw-p 00000000 00:00 0 
7fffd4021000-7fffd8000000 ---p 00000000 00:00 0 
7fffd8000000-7fffd80a0000 rw-p 00000000 00:00 0 
7fffd80a0000-7fffd8400000 ---p 00000000 00:00 0 
7fffd8400000-7fffd8410000 rw-p 00000000 00:00 0 
7fffd8410000-7fffdc000000 ---p 00000000 00:00 0 
7fffdc000000-7fffdc021000 rw-p 00000000 00:00 0 
7fffdc021000-7fffe0000000 ---p 00000000 00:00 0 
7fffe0c59000-7fffe172b000 rw-p 00000000 00:00 0 
7fffe172b000-7fffe172c000 ---p 00000000 00:00 0 
7fffe172c000-7fffe1730000 ---p 00000000 00:00 0 
7fffe1730000-7fffe182c000 rw-p 00000000 00:00 0 
7fffe182c000-7fffe182d000 ---p 00000000 00:00 0 
7fffe182d000-7fffe1831000 ---p 00000000 00:00 0 
7fffe1831000-7fffe192d000 rw-p 00000000 00:00 0 
7fffe192d000-7fffe19fb000 r-xp 00000000 00:3e 33567888                   /opt/jdk/lib/libjsvml.so
7fffe19fb000-7fffe1bfa000 ---p 000ce000 00:3e 33567888                   /opt/jdk/lib/libjsvml.so
7fffe1bfa000-7fffe1bfb000 r--p 000cd000 00:3e 33567888                   /opt/jdk/lib/libjsvml.so
7fffe1bfb000-7fffe1bfc000 rw-p 000ce000 00:3e 33567888                   /opt/jdk/lib/libjsvml.so
7fffe1bfc000-7fffe1bfd000 ---p 00000000 00:00 0 
7fffe1bfd000-7fffe1c01000 ---p 00000000 00:00 0 
7fffe1c01000-7fffe1cfd000 rw-p 00000000 00:00 0 
7fffe1cfd000-7fffe1cfe000 ---p 00000000 00:00 0 
7fffe1cfe000-7fffe1d02000 ---p 00000000 00:00 0 
7fffe1d02000-7fffe1dfe000 rw-p 00000000 00:00 0 
7fffe1dfe000-7fffe1dff000 ---p 00000000 00:00 0 
7fffe1dff000-7fffe1e03000 ---p 00000000 00:00 0 
7fffe1e03000-7fffe1eff000 rw-p 00000000 00:00 0 
7fffe1eff000-7fffe1f00000 ---p 00000000 00:00 0 
7fffe1f00000-7fffe1f04000 ---p 00000000 00:00 0 
7fffe1f04000-7fffe2000000 rw-p 00000000 00:00 0 
7fffe2000000-7fffe4000000 rw-p 00000000 00:00 0 
7fffe4000000-7fffe4021000 rw-p 00000000 00:00 0 
7fffe4021000-7fffe8000000 ---p 00000000 00:00 0 
7fffe801b000-7fffe80df000 rw-p 00000000 00:00 0 
7fffe80df000-7fffe80e0000 ---p 00000000 00:00 0 
7fffe80e0000-7fffe80e4000 ---p 00000000 00:00 0 
7fffe80e4000-7fffe81e0000 rw-p 00000000 00:00 0 
7fffe81e0000-7fffe84c7000 r--p 00000000 00:3e 33568215                   /usr/lib/locale/locale-archive
7fffe84c7000-7fffe85e4000 rw-p 00000000 00:00 0 
7fffe85e4000-7fffe85e5000 ---p 00000000 00:00 0 
7fffe85e5000-7fffe86e5000 rw-p 00000000 00:00 0 
7fffe86e5000-7fffe86e6000 ---p 00000000 00:00 0 
7fffe86e6000-7fffe86ea000 ---p 00000000 00:00 0 
7fffe86ea000-7fffe87e6000 rw-p 00000000 00:00 0 
7fffe87e6000-7fffe87e7000 ---p 00000000 00:00 0 
7fffe87e7000-7fffe88e7000 rw-p 00000000 00:00 0 
7fffe891c000-7fffe891d000 ---p 00000000 00:00 0 
7fffe891d000-7fffe8a1d000 rw-p 00000000 00:00 0 
7fffe8a1d000-7fffe8a1e000 ---p 00000000 00:00 0 
7fffe8a1e000-7fffe8b1e000 rw-p 00000000 00:00 0 
7fffe8b1e000-7fffe9326000 rw-p 00000000 00:00 0 
7fffe9326000-7fffe9327000 ---p 00000000 00:00 0 
7fffe9327000-7fffe9427000 rw-p 00000000 00:00 0 
7fffe9427000-7fffe9428000 ---p 00000000 00:00 0 
7fffe9428000-7fffe9528000 rw-p 00000000 00:00 0 
7fffe9528000-7fffe9529000 ---p 00000000 00:00 0 
7fffe9529000-7fffe9629000 rw-p 00000000 00:00 0 
7fffe9629000-7fffe9898000 rw-p 00000000 00:00 0 
7fffe9898000-7fffeb540000 ---p 00000000 00:00 0 
7fffeb540000-7fffeb544000 rw-p 00000000 00:00 0 
7fffeb544000-7fffeb586000 rw-p 00000000 00:00 0 
7fffeb586000-7fffeb91b000 ---p 00000000 00:00 0 
7fffeb91b000-7fffeb95a000 rw-p 00000000 00:00 0 
7fffeb95a000-7fffebcef000 ---p 00000000 00:00 0 
7fffebcef000-7fffebdf1000 rw-p 00000000 00:00 0 
7fffebdf1000-7fffebdf2000 r-xp 00000000 00:00 0 
7fffebdf2000-7fffebdf6000 rwxp 00000000 00:00 0 
7fffebdf6000-7fffebdf7000 r-xp 00000000 00:00 0 
7fffebdf7000-7fffebdf9000 rwxp 00000000 00:00 0 
7fffebdf9000-7fffebdfa000 r-xp 00000000 00:00 0 
7fffebdfa000-7fffebdfb000 rwxp 00000000 00:00 0 
7fffebdfb000-7fffebdfc000 r-xp 00000000 00:00 0 
7fffebdfc000-7fffebdfd000 rwxp 00000000 00:00 0 
7fffebdfd000-7fffebe19000 r-xp 00000000 00:00 0 
7fffebe19000-7fffebe1d000 rwxp 00000000 00:00 0 
7fffebe1d000-7fffebe1f000 r-xp 00000000 00:00 0 
7fffebe1f000-7fffebe2a000 rwxp 00000000 00:00 0 
7fffebe2a000-7fffebe2b000 r-xp 00000000 00:00 0 
7fffebe2b000-7fffebe6d000 rwxp 00000000 00:00 0 
7fffebe6d000-7fffebe6e000 r-xp 00000000 00:00 0 
7fffebe6e000-7fffebe79000 rwxp 00000000 00:00 0 
7fffebe79000-7fffebe7a000 r-xp 00000000 00:00 0 
7fffebe7a000-7fffebe7b000 rwxp 00000000 00:00 0 
7fffebe7b000-7fffebe7f000 r-xp 00000000 00:00 0 
7fffebe7f000-7fffebe82000 rwxp 00000000 00:00 0 
7fffebe82000-7fffebe83000 r-xp 00000000 00:00 0 
7fffebe83000-7fffebe9b000 rwxp 00000000 00:00 0 
7fffebe9b000-7fffebe9c000 r-xp 00000000 00:00 0 
7fffebe9c000-7fffebea1000 rwxp 00000000 00:00 0 
7fffebea1000-7fffebea2000 r-xp 00000000 00:00 0 
7fffebea2000-7fffebea4000 rwxp 00000000 00:00 0 
7fffebea4000-7fffebea5000 r-xp 00000000 00:00 0 
7fffebea5000-7fffebeb9000 rwxp 00000000 00:00 0 
7fffebeb9000-7fffebeba000 r-xp 00000000 00:00 0 
7fffebeba000-7fffebebb000 rwxp 00000000 00:00 0 
7fffebebb000-7fffebebc000 r-xp 00000000 00:00 0 
7fffebebc000-7fffebf08000 rwxp 00000000 00:00 0 
7fffebf08000-7fffebf09000 r-xp 00000000 00:00 0 
7fffebf09000-7fffebf0d000 rwxp 00000000 00:00 0 
7fffebf0d000-7fffebf0f000 r-xp 00000000 00:00 0 
7fffebf0f000-7fffebf13000 rwxp 00000000 00:00 0 
7fffebf13000-7fffebf14000 r-xp 00000000 00:00 0 
7fffebf14000-7fffebf1b000 rwxp 00000000 00:00 0 
7fffebf1b000-7fffebf1d000 r-xp 00000000 00:00 0 
7fffebf1d000-7fffebf1e000 rwxp 00000000 00:00 0 
7fffebf1e000-7fffebf21000 r-xp 00000000 00:00 0 
7fffebf21000-7fffebf22000 rwxp 00000000 00:00 0 
7fffebf22000-7fffebf26000 r-xp 00000000 00:00 0 
7fffebf26000-7fffebf27000 rwxp 00000000 00:00 0 
7fffebf27000-7fffebf28000 r-xp 00000000 00:00 0 
7fffebf28000-7fffebf29000 rwxp 00000000 00:00 0 
7fffebf29000-7fffebf2a000 r-xp 00000000 00:00 0 
7fffebf2a000-7fffebf2e000 rwxp 00000000 00:00 0 
7fffebf2e000-7fffebf40000 r-xp 00000000 00:00 0 
7fffebf40000-7fffebf43000 rwxp 00000000 00:00 0 
7fffebf43000-7fffebf47000 r-xp 00000000 00:00 0 
7fffebf47000-7fffec061000 rwxp 00000000 00:00 0 
7fffec061000-7fffeedf1000 ---p 00000000 00:00 0 
7fffeedf1000-7ffff8000000 r--s 00000000 00:3e 33567905                   /opt/jdk/lib/modules
7ffff8000000-7ffff831b000 rw-p 00000000 00:00 0 
7ffff831b000-7ffffc000000 ---p 00000000 00:00 0 
7ffffc007000-7ffffc00e000 r--s 00000000 00:3e 33562074                   /usr/lib/x86_64-linux-gnu/gconv/gconv-modules.cache
7ffffc00e000-7ffffc71a000 rw-p 00000000 00:00 0 
7ffffc71a000-7ffffc775000 ---p 00000000 00:00 0 
7ffffc775000-7ffffc795000 r-xp 00000000 00:3e 33567880                   /opt/jdk/lib/libjava.so
7ffffc795000-7ffffc994000 ---p 00020000 00:3e 33567880                   /opt/jdk/lib/libjava.so
7ffffc994000-7ffffc995000 r--p 0001f000 00:3e 33567880                   /opt/jdk/lib/libjava.so
7ffffc995000-7ffffc996000 rw-p 00020000 00:3e 33567880                   /opt/jdk/lib/libjava.so
7ffffc996000-7ffffc997000 rw-p 00000000 00:00 0 
7ffffc997000-7ffffc99f000 rw-s 00000000 00:3e 33570948                   /tmp/hsperfdata_root/7
7ffffc99f000-7ffffc9a2000 r--p 00000000 00:3e 33561397                   /lib/x86_64-linux-gnu/libnss_files-2.31.so
7ffffc9a2000-7ffffc9a9000 r-xp 00003000 00:3e 33561397                   /lib/x86_64-linux-gnu/libnss_files-2.31.so
7ffffc9a9000-7ffffc9ab000 r--p 0000a000 00:3e 33561397                   /lib/x86_64-linux-gnu/libnss_files-2.31.so
7ffffc9ab000-7ffffc9ac000 r--p 0000b000 00:3e 33561397                   /lib/x86_64-linux-gnu/libnss_files-2.31.so
7ffffc9ac000-7ffffc9ad000 rw-p 0000c000 00:3e 33561397                   /lib/x86_64-linux-gnu/libnss_files-2.31.so
7ffffc9ad000-7ffffc9b3000 rw-p 00000000 00:00 0 
7ffffc9b5000-7ffffc9b6000 ---p 00000000 00:00 0 
7ffffc9b6000-7ffffc9b7000 r--p 00000000 00:00 0 
7ffffc9b7000-7ffffc9d2000 r-xp 00000000 00:3e 33567884                   /opt/jdk/lib/libjimage.so
7ffffc9d2000-7ffffcbd1000 ---p 0001b000 00:3e 33567884                   /opt/jdk/lib/libjimage.so
7ffffcbd1000-7ffffcbd3000 r--p 0001a000 00:3e 33567884                   /opt/jdk/lib/libjimage.so
7ffffcbd3000-7ffffcbd4000 rw-p 0001c000 00:3e 33567884                   /opt/jdk/lib/libjimage.so
7ffffcbd4000-7ffffcbd8000 ---p 00000000 00:00 0 
7ffffcbd8000-7ffffccd5000 rw-p 00000000 00:00 0 
7ffffccd5000-7ffffcce2000 r--p 00000000 00:3e 33561386                   /lib/x86_64-linux-gnu/libm-2.31.so
7ffffcce2000-7ffffcd7c000 r-xp 0000d000 00:3e 33561386                   /lib/x86_64-linux-gnu/libm-2.31.so
7ffffcd7c000-7ffffce17000 r--p 000a7000 00:3e 33561386                   /lib/x86_64-linux-gnu/libm-2.31.so
7ffffce17000-7ffffce18000 r--p 00141000 00:3e 33561386                   /lib/x86_64-linux-gnu/libm-2.31.so
7ffffce18000-7ffffce19000 rw-p 00142000 00:3e 33561386                   /lib/x86_64-linux-gnu/libm-2.31.so
7ffffce19000-7ffffce1b000 r--p 00000000 00:3e 33561414                   /lib/x86_64-linux-gnu/librt-2.31.so
7ffffce1b000-7ffffce1f000 r-xp 00002000 00:3e 33561414                   /lib/x86_64-linux-gnu/librt-2.31.so
7ffffce1f000-7ffffce21000 r--p 00006000 00:3e 33561414                   /lib/x86_64-linux-gnu/librt-2.31.so
7ffffce21000-7ffffce22000 r--p 00007000 00:3e 33561414                   /lib/x86_64-linux-gnu/librt-2.31.so
7ffffce22000-7ffffce23000 rw-p 00008000 00:3e 33561414                   /lib/x86_64-linux-gnu/librt-2.31.so
7ffffce23000-7ffffefcb000 r-xp 00000000 00:3e 33567857                   /opt/jdk/lib/fastdebug/libjvm.so
7ffffefcb000-7fffff1ca000 ---p 021a8000 00:3e 33567857                   /opt/jdk/lib/fastdebug/libjvm.so
7fffff1ca000-7fffff2c3000 r--p 021a7000 00:3e 33567857                   /opt/jdk/lib/fastdebug/libjvm.so
7fffff2c3000-7fffff2f6000 rw-p 022a0000 00:3e 33567857                   /opt/jdk/lib/fastdebug/libjvm.so
7fffff2f6000-7fffff3b8000 rw-p 00000000 00:00 0 
7fffff3b8000-7fffff3da000 r--p 00000000 00:3e 33561365                   /lib/x86_64-linux-gnu/libc-2.31.so
7fffff3da000-7fffff533000 r-xp 00022000 00:3e 33561365                   /lib/x86_64-linux-gnu/libc-2.31.so
7fffff533000-7fffff582000 r--p 0017b000 00:3e 33561365                   /lib/x86_64-linux-gnu/libc-2.31.so
7fffff582000-7fffff586000 r--p 001c9000 00:3e 33561365                   /lib/x86_64-linux-gnu/libc-2.31.so
7fffff586000-7fffff588000 rw-p 001cd000 00:3e 33561365                   /lib/x86_64-linux-gnu/libc-2.31.so
7fffff588000-7fffff58c000 rw-p 00000000 00:00 0 
7fffff58c000-7fffff592000 r--p 00000000 00:3e 33561410                   /lib/x86_64-linux-gnu/libpthread-2.31.so
7fffff592000-7fffff5a2000 r-xp 00006000 00:3e 33561410                   /lib/x86_64-linux-gnu/libpthread-2.31.so
7fffff5a2000-7fffff5a8000 r--p 00016000 00:3e 33561410                   /lib/x86_64-linux-gnu/libpthread-2.31.so
7fffff5a8000-7fffff5a9000 r--p 0001b000 00:3e 33561410                   /lib/x86_64-linux-gnu/libpthread-2.31.so
7fffff5a9000-7fffff5aa000 rw-p 0001c000 00:3e 33561410                   /lib/x86_64-linux-gnu/libpthread-2.31.so
7fffff5aa000-7fffff5ae000 rw-p 00000000 00:00 0 
7fffff5ae000-7fffff5af000 r--p 00000000 00:3e 33561373                   /lib/x86_64-linux-gnu/libdl-2.31.so
7fffff5af000-7fffff5b1000 r-xp 00001000 00:3e 33561373                   /lib/x86_64-linux-gnu/libdl-2.31.so
7fffff5b1000-7fffff5b2000 r--p 00003000 00:3e 33561373                   /lib/x86_64-linux-gnu/libdl-2.31.so
7fffff5b2000-7fffff5b3000 r--p 00003000 00:3e 33561373                   /lib/x86_64-linux-gnu/libdl-2.31.so
7fffff5b3000-7fffff5b4000 rw-p 00004000 00:3e 33561373                   /lib/x86_64-linux-gnu/libdl-2.31.so
7fffff5b4000-7fffff5b6000 rw-p 00000000 00:00 0 
7fffff5b7000-7fffff5b8000 rwxp 00000000 00:00 0 
7fffff5b8000-7fffff5d1000 r-xp 00000000 00:3e 33567885                   /opt/jdk/lib/libjli.so
7fffff5d1000-7fffff7d0000 ---p 00019000 00:3e 33567885                   /opt/jdk/lib/libjli.so
7fffff7d0000-7fffff7d1000 r--p 00018000 00:3e 33567885                   /opt/jdk/lib/libjli.so
7fffff7d1000-7fffff7d2000 rw-p 00019000 00:3e 33567885                   /opt/jdk/lib/libjli.so
7fffff7d2000-7fffff7d3000 ---p 00000000 00:00 0 
7fffff7d3000-7ffffffd3000 rw-p 00000000 00:00 0 
7ffffffd3000-7ffffffd4000 r--p 00000000 00:3e 33561353                   /lib/x86_64-linux-gnu/ld-2.31.so
7ffffffd4000-7fffffff4000 r-xp 00001000 00:3e 33561353                   /lib/x86_64-linux-gnu/ld-2.31.so
7fffffff4000-7fffffffc000 r--p 00021000 00:3e 33561353                   /lib/x86_64-linux-gnu/ld-2.31.so
7fffffffc000-7fffffffd000 ---p 00000000 00:00 0 
7fffffffd000-7fffffffe000 r--p 00029000 00:3e 33561353                   /lib/x86_64-linux-gnu/ld-2.31.so
7fffffffe000-7ffffffff000 rw-p 0002a000 00:3e 33561353                   /lib/x86_64-linux-gnu/ld-2.31.so
7ffffffff000-800000000000 rw-p 00000000 00:00 0 
800000000000-800000025000 r--p 00000000 00:29 2                          /run/rosetta/rosetta
800000025000-800000093000 r-xp 00025000 00:29 2                          /run/rosetta/rosetta
8000000a0000-8000001a6000 rw-p 000a0000 00:29 2                          /run/rosetta/rosetta
effff761e000-effff79a5000 rw-p 00000000 00:00 0 
effff79a5000-effff79a6000 ---p 00000000 00:00 0 
effff79a6000-effff79aa000 rw-p 00000000 00:00 0 
effff79aa000-effff79ab000 ---p 00000000 00:00 0 
effff79ab000-effff79c3000 rw-p 00000000 00:00 0 
effff79c3000-effff79c4000 ---p 00000000 00:00 0 
effff79c4000-effff79c8000 rw-p 00000000 00:00 0 
effff79c8000-effff79c9000 ---p 00000000 00:00 0 
effff79c9000-effff7aa8000 rw-p 00000000 00:00 0 
effff7aa8000-effff7aa9000 ---p 00000000 00:00 0 
effff7aa9000-effff7aad000 rw-p 00000000 00:00 0 
effff7aad000-effff7aae000 ---p 00000000 00:00 0 
effff7aae000-effff7ab8000 rw-p 00000000 00:00 0 
effff7ab8000-effff7ab9000 ---p 00000000 00:00 0 
effff7ab9000-effff7ac1000 rw-p 00000000 00:00 0 
effff7ac1000-effff7ac2000 ---p 00000000 00:00 0 
effff7ac2000-effff7ac6000 rw-p 00000000 00:00 0 
effff7ac6000-effff7ac7000 ---p 00000000 00:00 0 
effff7ac7000-effff7ad1000 rw-p 00000000 00:00 0 
effff7ad1000-effff7ad2000 ---p 00000000 00:00 0 
effff7ad2000-effff7ad6000 rw-p 00000000 00:00 0 
effff7ad6000-effff7ad7000 ---p 00000000 00:00 0 
effff7ad7000-effff7b2e000 rw-p 00000000 00:00 0 
effff7b2e000-effff7b2f000 ---p 00000000 00:00 0 
effff7b2f000-effff7b33000 rw-p 00000000 00:00 0 
effff7b33000-effff7b34000 ---p 00000000 00:00 0 
effff7b34000-effff7bc7000 rw-p 00000000 00:00 0 
effff7bc7000-effff7bc8000 ---p 00000000 00:00 0 
effff7bc8000-effff7bcc000 rw-p 00000000 00:00 0 
effff7bcc000-effff7bcd000 ---p 00000000 00:00 0 
effff7bcd000-effff7beb000 rw-p 00000000 00:00 0 
effff7beb000-effff7bec000 ---p 00000000 00:00 0 
effff7bec000-effff7bf0000 rw-p 00000000 00:00 0 
effff7bf0000-effff7bf1000 ---p 00000000 00:00 0 
effff7bf1000-effff7bfb000 rw-p 00000000 00:00 0 
effff7bfb000-effff7bfc000 ---p 00000000 00:00 0 
effff7bfc000-effff7c03000 rw-p 00000000 00:00 0 
effff7c03000-effff7c04000 ---p 00000000 00:00 0 
effff7c04000-effff7c14000 rw-p 00000000 00:00 0 
effff7c14000-effff7c15000 ---p 00000000 00:00 0 
effff7c15000-effff7c19000 rw-p 00000000 00:00 0 
effff7c19000-effff7c1a000 ---p 00000000 00:00 0 
effff7c1a000-effff7c22000 rw-p 00000000 00:00 0 
effff7c22000-effff7c23000 ---p 00000000 00:00 0 
effff7c23000-effff7c27000 rw-p 00000000 00:00 0 
effff7c27000-effff7c28000 ---p 00000000 00:00 0 
effff7c28000-effff7c77000 rw-p 00000000 00:00 0 
effff7c77000-effff7c78000 ---p 00000000 00:00 0 
effff7c78000-effff7c7c000 rw-p 00000000 00:00 0 
effff7c7c000-effff7c7d000 ---p 00000000 00:00 0 
effff7c7d000-effff7c85000 rw-p 00000000 00:00 0 
effff7c85000-effff7c86000 ---p 00000000 00:00 0 
effff7c86000-effff7c8a000 rw-p 00000000 00:00 0 
effff7c8a000-effff7c8b000 ---p 00000000 00:00 0 
effff7c8b000-effff7c8f000 rw-p 00000000 00:00 0 
effff7c8f000-effff7c90000 ---p 00000000 00:00 0 
effff7c90000-effff7d20000 rw-p 00000000 00:00 0 
effff7d20000-effff7d32000 rw-p 00000000 00:00 0 
effff7d32000-effff7d33000 ---p 00000000 00:00 0 
effff7d33000-effff7d59000 rw-p 00000000 00:00 0 
effff7d59000-effff7d5a000 ---p 00000000 00:00 0 
effff7d5a000-effff7d5e000 rw-p 00000000 00:00 0 
effff7d5e000-effff7d5f000 ---p 00000000 00:00 0 
effff7d5f000-effff7d91000 rw-p 00000000 00:00 0 
effff7d91000-effff7d92000 ---p 00000000 00:00 0 
effff7d92000-effff7de7000 rw-p 00000000 00:00 0 
effff7de7000-effff7de8000 ---p 00000000 00:00 0 
effff7de8000-effff7dec000 rw-p 00000000 00:00 0 
effff7dec000-effff7ded000 ---p 00000000 00:00 0 
effff7ded000-effff7ff8000 rw-p 00000000 00:00 0 
effff7ff8000-efffffff8000 rwxp 00000000 00:00 0 
efffffff8000-f00008a78000 rw-p 00000000 00:00 0 
ffffbb018000-ffffbb01a000 r--p 00000000 00:00 0                          [vvar]
ffffbb01a000-ffffbb01b000 r-xp 00000000 00:00 0                          [vdso]
ffffd72b3000-ffffd72d4000 rw-p 00000000 00:00 0                          [stack]
Total number of mappings: 310

JVMTI agents: none


VM Arguments:
jvm_args: -Xbatch -XX:-TieredCompilation 
java_command: Repro
java_class_path (initial): .
Launcher Type: SUN_STANDARD

[Global flags]
     bool AOTInvokeDynamicLinking                  = false                                  {diagnostic} {ergonomic}     AOT-link JVM_CONSTANT_InvokeDynamic entries in cached ConstantPools
     bool BackgroundCompilation                    = false                                  {pd product} {command line}  A thread requesting compilation is not blocked during compilation
     intx CICompilerCount                          = 4                                         {product} {ergonomic}     Number of compiler threads to run
     uint ConcGCThreads                            = 2                                         {product} {ergonomic}     Number of threads concurrent gc will use
     uint G1ConcRefinementThreads                  = 8                                         {product} {ergonomic}     The number of parallel remembered set update threads. Will be set ergonomically by default.
   size_t G1HeapRegionSize                         = 1048576                                   {product} {ergonomic}     Size of the G1 regions.
   size_t InitialHeapSize                          = 130023424                                 {product} {ergonomic}     Initial heap size (in bytes); zero means use ergonomics
   size_t MarkStackSize                            = 4194304                                   {product} {ergonomic}     Size of marking stack in bytes.
   size_t MarkStackSizeMax                         = 536870912                                 {product} {ergonomic}     Maximum size of marking stack in bytes.
   size_t MaxHeapSize                              = 2055208960                                {product} {ergonomic}     Maximum heap size (in bytes)
   size_t MaxNewSize                               = 1233125376                                {product} {ergonomic}     Maximum new generation size (in bytes), max_uintx means set ergonomically
   size_t MinHeapDeltaBytes                        = 1048576                                   {product} {ergonomic}     The minimum change in heap space due to GC (in bytes)
   size_t MinHeapSize                              = 8388608                                   {product} {ergonomic}     Minimum heap size (in bytes); zero means use ergonomics
    uintx NonNMethodCodeHeapSize                   = 4096                                   {pd product} {ergonomic}     Size of code heap with non-nmethods (in bytes)
    uintx NonProfiledCodeHeapSize                  = 0                                      {pd product} {ergonomic}     Size of code heap with non-profiled methods (in bytes)
    uintx ProfiledCodeHeapSize                     = 0                                      {pd product} {ergonomic}     Size of code heap with profiled methods (in bytes)
   size_t SoftMaxHeapSize                          = 2055208960                             {manageable} {ergonomic}     Soft limit for maximum heap size (in bytes)
     bool TieredCompilation                        = false                                  {pd product} {command line}  Enable tiered compilation
     bool UseCompressedOops                        = true                           {product lp64_product} {ergonomic}   Use 32-bit object references in 64-bit VM. lp64_product means flag is always constant in 32 bit VM
     bool UseG1GC                                  = true                                      {product} {ergonomic}     Use the Garbage-First garbage collector

Logging:
Log output configuration:
 #0: stdout all=warning uptime,level,tags foldmultilines=false
 #1: stderr all=off uptime,level,tags foldmultilines=false

Environment Variables:
JAVA_HOME=/opt/jdk
PATH=/opt/jdk/bin:/usr/local/sbin:/usr/local/bin:/usr/sbin:/usr/bin:/sbin:/bin
LANG=en_US.UTF-8
LC_ALL=en_US.UTF-8
TERM=xterm

Active Locale:
LC_ALL=en_US.UTF-8
LC_COLLATE=en_US.UTF-8
LC_CTYPE=en_US.UTF-8
LC_MESSAGES=en_US.UTF-8
LC_MONETARY=en_US.UTF-8
LC_NUMERIC=en_US.UTF-8
LC_TIME=en_US.UTF-8

Signal Handlers:
   SIGSEGV: crash_handler in libjvm.so, mask=11100100110111111111111111111110, flags=SA_RESTART|SA_SIGINFO, unblocked
    SIGBUS: crash_handler in libjvm.so, mask=11100100110111111111111111111110, flags=SA_RESTART|SA_SIGINFO, unblocked
    SIGFPE: crash_handler in libjvm.so, mask=11100100110111111111111111111110, flags=SA_RESTART|SA_SIGINFO, unblocked
   SIGPIPE: javaSignalHandler in libjvm.so, mask=11100100110111111111111111111110, flags=SA_RESTART|SA_SIGINFO, unblocked
   SIGXFSZ: javaSignalHandler in libjvm.so, mask=11100100110111111111111111111110, flags=SA_RESTART|SA_SIGINFO, unblocked
    SIGILL: crash_handler in libjvm.so, mask=11100100110111111111111111111110, flags=SA_RESTART|SA_SIGINFO, unblocked
   SIGUSR2: SR_handler in libjvm.so, mask=00000000000000000000000000000000, flags=SA_RESTART|SA_SIGINFO, unblocked
    SIGHUP: UserHandler in libjvm.so, mask=11100100110111111111111111111110, flags=SA_RESTART|SA_SIGINFO, unblocked
    SIGINT: UserHandler in libjvm.so, mask=11100100110111111111111111111110, flags=SA_RESTART|SA_SIGINFO, unblocked
   SIGTERM: UserHandler in libjvm.so, mask=11100100110111111111111111111110, flags=SA_RESTART|SA_SIGINFO, unblocked
   SIGQUIT: UserHandler in libjvm.so, mask=11100100110111111111111111111110, flags=SA_RESTART|SA_SIGINFO, blocked
   SIGTRAP: crash_handler in libjvm.so, mask=11100100110111111111111111111110, flags=SA_RESTART|SA_SIGINFO, unblocked


Native Memory Tracking:

(Omitting categories weighting less than 1KB)

Total: reserved=3310949KB, committed=218129KB
       malloc: 34969KB #27062, peak=34621KB #27064
       mmap:   reserved=3275980KB, committed=183160KB

-                 Java Heap (reserved=2007040KB, committed=129024KB)
                            (mmap: reserved=2007040KB, committed=129024KB, at peak)

-                     Class (reserved=1048674KB, committed=226KB)
                            (classes #884)
                            (  instance classes #749, array classes #135)
                            (malloc=98KB #1225) (at peak)
                            (mmap: reserved=1048576KB, committed=128KB, at peak)
                            (  Metadata:   )
                            (    reserved=65536KB, committed=704KB)
                            (    used=652KB)
                            (    waste=52KB =7.39%)
                            (  Class space:)
                            (    reserved=1048576KB, committed=128KB)
                            (    used=54KB)
                            (    waste=74KB =57.78%)

-                    Thread (reserved=16439KB, committed=767KB)
                            (threads #16)
                            (stack: reserved=16388KB, committed=716KB, peak=716KB)
                            (malloc=33KB #99) (peak=41KB #103)
                            (arena=18KB #30) (peak=210KB #30)

-                      Code (reserved=49974KB, committed=2954KB)
                            (malloc=405KB #12395) (peak=405KB #12402)
                            (mmap: reserved=49536KB, committed=2516KB, at peak)
                            (arena=33KB #1) (at peak)

-                        GC (reserved=89716KB, committed=53036KB)
                            (malloc=17240KB #957) (at peak)
                            (mmap: reserved=72476KB, committed=35796KB, at peak)

-                 GCCardSet (reserved=34KB, committed=34KB)
                            (malloc=34KB #511) (at peak)

-                  Compiler (reserved=2503KB, committed=2503KB)
                            (malloc=65KB #33) (peak=66KB #37)
                            (arena=2437KB #9) (peak=3474KB #10)

-                  Internal (reserved=11579KB, committed=11579KB)
                            (malloc=11543KB #9524) (peak=11543KB #9525)
                            (mmap: reserved=36KB, committed=36KB, at peak)

-                     Other (reserved=781KB, committed=781KB)
                            (malloc=781KB #1) (at peak)

-                    Symbol (reserved=1163KB, committed=1163KB)
                            (malloc=803KB #455) (at peak)
                            (arena=360KB #1) (at peak)

-    Native Memory Tracking (reserved=482KB, committed=482KB)
                            (malloc=6KB #59) (at peak)
                            (arena=0KB #0) (peak=128KB #1)
                            (tracking overhead=476KB)

-        Shared class space (reserved=16384KB, committed=14232KB, readonly=0KB)
                            (mmap: reserved=16384KB, committed=14232KB, peak=14444KB)

-               Arena Chunk (reserved=492KB, committed=492KB)
                            (malloc=492KB #134) (peak=4049KB #138)

-                    Module (reserved=67KB, committed=67KB)
                            (malloc=67KB #1272) (at peak)

-                 Safepoint (reserved=8KB, committed=8KB)
                            (mmap: reserved=8KB, committed=8KB, at peak)

-           Synchronization (reserved=47KB, committed=47KB)
                            (malloc=47KB #350) (at peak)

-            Serviceability (reserved=17KB, committed=17KB)
                            (malloc=17KB #10) (peak=17KB #14)

-                 Metaspace (reserved=65549KB, committed=717KB)
                            (malloc=13KB #10) (at peak)
                            (mmap: reserved=65536KB, committed=704KB, at peak)

-      String Deduplication (reserved=1KB, committed=1KB)
                            (malloc=1KB #8) (at peak)

Preinit state:entries: 365 (primary: 365, empties: 7826), sum bytes: 13534, longest chain length: 1
pre-init mallocs: 394, pre-init reallocs: 1, pre-init frees: 29
MallocLimit: unset

Periodic native trim disabled

---------------  S Y S T E M  ---------------

OS:
PRETTY_NAME="Debian GNU/Linux 11 (bullseye)"
NAME="Debian GNU/Linux"
VERSION_ID="11"
VERSION="11 (bullseye)"
VERSION_CODENAME=bullseye
ID=debian
HOME_URL="https://www.debian.org/"
SUPPORT_URL="https://www.debian.org/support"
BUG_REPORT_URL="https://bugs.debian.org/"
uname: Linux d634af5fbdf7 6.10.14-linuxkit #1 SMP Fri Nov 29 17:22:03 UTC 2024 x86_64
OS uptime: 0 days 0:00 hours
libc: glibc 2.31 NPTL 2.31 
rlimit (soft/hard): STACK 8192k/infinity , CORE 0k/infinity , NPROC infinity/infinity , NOFILE 1048576/1048576 , AS infinity/infinity , CPU infinity/infinity , DATA infinity/infinity , FSIZE infinity/infinity , MEMLOCK infinity/infinity
load average: 0.06 0.02 0.00

/proc/meminfo:
MemTotal:        8025636 kB
MemFree:         7184928 kB
MemAvailable:    7452384 kB
Buffers:           36664 kB
Cached:           372040 kB
SwapCached:            0 kB
Active:           586184 kB
Inactive:         118404 kB
Active(anon):     296508 kB
Inactive(anon):        0 kB
Active(file):     289676 kB
Inactive(file):   118404 kB
Unevictable:           0 kB
Mlocked:               0 kB
SwapTotal:       1048572 kB
SwapFree:        1048572 kB
Zswap:                 0 kB
Zswapped:              0 kB
Dirty:                36 kB
Writeback:             0 kB
AnonPages:        295408 kB
Mapped:           181420 kB
Shmem:               620 kB
KReclaimable:      11816 kB
Slab:              47388 kB
SReclaimable:      11816 kB
SUnreclaim:        35572 kB
KernelStack:        4736 kB
PageTables:         2840 kB
SecPageTables:         0 kB
NFS_Unstable:          0 kB
Bounce:                0 kB
WritebackTmp:          0 kB
CommitLimit:     5061388 kB
Committed_AS:    1727464 kB
VmallocTotal:   135288315904 kB
VmallocUsed:        5520 kB
VmallocChunk:          0 kB
Percpu:             2240 kB
AnonHugePages:    190464 kB
ShmemHugePages:        0 kB
ShmemPmdMapped:        0 kB
FileHugePages:         0 kB
FilePmdMapped:         0 kB
HugePages_Total:       0
HugePages_Free:        0
HugePages_Rsvd:        0
HugePages_Surp:        0
Hugepagesize:       2048 kB
Hugetlb:               0 kB

/sys/kernel/mm/transparent_hugepage/enabled: [always] madvise never
/sys/kernel/mm/transparent_hugepage/hpage_pmd_size: 2097152
/sys/kernel/mm/transparent_hugepage/shmem_enabled: always within_size advise [never] deny force
/sys/kernel/mm/transparent_hugepage/defrag (defrag/compaction efforts parameter): always defer defer+madvise [madvise] never

Process Memory:
Virtual Size: 4853460K (peak: 4903464K)
Resident Set Size: 140620K (peak: 140620K) (anon: 107488K, file: 33132K, shmem: 0K)
Swapped out: 0K
C-Heap outstanding allocations: 35833K, retained: 2334K (may have wrapped)
glibc malloc tunables: (default)

/proc/sys/kernel/threads-max (system-wide limit on the number of threads): 62650
/proc/sys/vm/max_map_count (maximum number of memory map areas a process may have): 262144
/proc/sys/vm/swappiness (control to define how aggressively the kernel swaps out anonymous memory): 60
/proc/sys/kernel/pid_max (system-wide limit on number of process identifiers): 99999

container (cgroup) information:
container_type: cgroupv2
cpu_cpuset_cpus: 
cpu_memory_nodes: 
active_processor_count: 8
cpu_quota: no quota
cpu_period: 100000
cpu_shares: no shares
memory_limit_in_bytes: unlimited
memory_and_swap_limit_in_bytes: unlimited
memory_soft_limit_in_bytes: 0
memory_usage_in_bytes: 175004 k
memory_max_usage_in_bytes: not supported
rss_usage_in_bytes: 111460 k
cache_usage_in_bytes: 60784 k
memory_swap_current_in_bytes: 0
memory_swap_max_limit_in_bytes: unlimited
maximum number of tasks: unlimited
current number of tasks: 18

Steal ticks since vm start: 0
Steal ticks percentage since vm start:  0.000

CPU: total 8 (initial active 8) (1 cores per cpu, 1 threads per core) family 6 model 44 stepping 0 microcode 0x0, cx8, cmov, fxsr, mmx, sse, sse2, sse3, ssse3, sse4.1, sse4.2, popcnt, tsc, tscinvbit, aes, clmul, clflush, rdtscp
/proc/cpuinfo:
processor	: 0
BogoMIPS	: 48.00
Features	: fp asimd evtstrm aes pmull sha1 sha2 crc32 atomics fphp asimdhp cpuid asimdrdm jscvt fcma lrcpc dcpop sha3 asimddp sha512 asimdfhm dit uscat ilrcpc flagm sb paca pacg dcpodp flagm2 frint afp
CPU implementer	: 0x61
CPU architecture: 8
CPU variant	: 0x0
CPU part	: 0x000
CPU revision	: 0

processor	: 1
BogoMIPS	: 48.00
Features	: fp asimd evtstrm aes pmull sha1 sha2 crc32 atomics fphp asimdhp cpuid asimdrdm jscvt fcma lrcpc dcpop sha3 asimddp sha512 asimdfhm dit uscat ilrcpc flagm sb paca pacg dcpodp flagm2 frint afp
CPU implementer	: 0x61
CPU architecture: 8
CPU variant	: 0x0
CPU part	: 0x000
CPU revision	: 0

processor	: 2
BogoMIPS	: 48.00
Features	: fp asimd evtstrm aes pmull sha1 sha2 crc32 atomics fphp asimdhp cpuid asimdrdm jscvt fcma lrcpc dcpop sha3 asimddp sha512 asimdfhm dit uscat ilrcpc flagm sb paca pacg dcpodp flagm2 frint afp
CPU implementer	: 0x61
CPU architecture: 8
CPU variant	: 0x0
CPU part	: 0x000
CPU revision	: 0

processor	: 3
BogoMIPS	: 48.00
Features	: fp asimd evtstrm aes pmull sha1 sha2 crc32 atomics fphp asimdhp cpuid asimdrdm jscvt fcma lrcpc dcpop sha3 asimddp sha512 asimdfhm dit uscat ilrcpc flagm sb paca pacg dcpodp flagm2 frint afp
CPU implementer	: 0x61
CPU architecture: 8
CPU variant	: 0x0
CPU part	: 0x000
CPU revision	: 0

processor	: 4
BogoMIPS	: 48.00
Features	: fp asimd evtstrm aes pmull sha1 sha2 crc32 atomics fphp asimdhp cpuid asimdrdm jscvt fcma lrcpc dcpop sha3 asimddp sha512 asimdfhm dit uscat ilrcpc flagm sb paca pacg dcpodp flagm2 frint afp
CPU implementer	: 0x61
CPU architecture: 8
CPU variant	: 0x0
CPU part	: 0x000
CPU revision	: 0

processor	: 5
BogoMIPS	: 48.00
Features	: fp asimd evtstrm aes pmull sha1 sha2 crc32 atomics fphp asimdhp cpuid asimdrdm jscvt fcma lrcpc dcpop sha3 asimddp sha512 asimdfhm dit uscat ilrcpc flagm sb paca pacg dcpodp flagm2 frint afp
CPU implementer	: 0x61
CPU architecture: 8
CPU variant	: 0x0
CPU part	: 0x000
CPU revision	: 0

processor	: 6
BogoMIPS	: 48.00
Features	: fp asimd evtstrm aes pmull sha1 sha2 crc32 atomics fphp asimdhp cpuid asimdrdm jscvt fcma lrcpc dcpop sha3 asimddp sha512 asimdfhm dit uscat ilrcpc flagm sb paca pacg dcpodp flagm2 frint afp
CPU implementer	: 0x61
CPU architecture: 8
CPU variant	: 0x0
CPU part	: 0x000
CPU revision	: 0

processor	: 7
BogoMIPS	: 48.00
Features	: fp asimd evtstrm aes pmull sha1 sha2 crc32 atomics fphp asimdhp cpuid asimdrdm jscvt fcma lrcpc dcpop sha3 asimddp sha512 asimdfhm dit uscat ilrcpc flagm sb paca pacg dcpodp flagm2 frint afp
CPU implementer	: 0x61
CPU architecture: 8
CPU variant	: 0x0
CPU part	: 0x000
CPU revision	: 0


Online cpus: 0-7
Offline cpus: 
cache level: 1
cache type: Data
cache size: <Not Available>
cache coherency line size: <Not Available>
cache level: 1
cache type: Instruction
cache size: <Not Available>
cache coherency line size: <Not Available>
cache level: 2
cache type: Unified
cache size: <Not Available>
cache coherency line size: <Not Available>
BIOS frequency limitation: <Not Available>
Frequency switch latency (ns): <Not Available>
Available cpu frequencies: <Not Available>
Maximum cpu frequency: <Not Available>
Minimum cpu frequency: <Not Available>
Current cpu frequency: <Not Available>
Available governors: <Not Available>
Current governor: <Not Available>
Core performance/turbo boost: <Not Available>

Memory: 4k page, physical 8025636k(7452396k free), swap 1048572k(1048572k free)
Page Sizes: 4k

vm_info: OpenJDK 64-Bit Server VM (fastdebug 25-testing-builds.shipilev.net-openjdk-jdk-b2689-20241230-0204) for linux-amd64 JRE (25-testing-builds.shipilev.net-openjdk-jdk-b2689-20241230-0204), built on 2024-12-30T01:08:28Z with gcc 12.4.0

END.
